2021/10/13 14:42:50 [error] [exception.CHttpException.400] CHttpException: Your request is invalid. in C:\xampp7\htdocs\yii-1.1.22\framework\web\CController.php:337
Stack trace:
#0 C:\xampp7\htdocs\yii-1.1.22\framework\web\CController.php(309): CController->invalidActionParams(Object(CInlineAction))
#1 C:\xampp7\htdocs\yii-1.1.22\framework\web\filters\CFilterChain.php(134): CController->runAction(Object(CInlineAction))
#2 C:\xampp7\htdocs\yii-1.1.22\framework\web\filters\CFilter.php(40): CFilterChain->run()
#3 C:\xampp7\htdocs\yii-1.1.22\framework\web\CController.php(1148): CFilter->filter(Object(CFilterChain))
#4 C:\xampp7\htdocs\yii-1.1.22\framework\web\filters\CInlineFilter.php(58): CController->filterAccessControl(Object(CFilterChain))
#5 C:\xampp7\htdocs\yii-1.1.22\framework\web\filters\CFilterChain.php(131): CInlineFilter->filter(Object(CFilterChain))
#6 C:\xampp7\htdocs\yii-1.1.22\framework\web\CController.php(291): CFilterChain->run()
#7 C:\xampp7\htdocs\yii-1.1.22\framework\web\CController.php(265): CController->runActionWithFilters(Object(CInlineAction), Array)
#8 C:\xampp7\htdocs\yii-1.1.22\framework\web\CWebApplication.php(282): CController->run('index')
#9 C:\xampp7\htdocs\yii-1.1.22\framework\web\CWebApplication.php(141): CWebApplication->runController('post/index/favi...')
#10 C:\xampp7\htdocs\yii-1.1.22\framework\base\CApplication.php(185): CWebApplication->processRequest()
#11 C:\xampp7\htdocs\blog\index.php(13): CApplication->run()
#12 {main}
REQUEST_URI=/blog/index.php/post/index/favicon.png
HTTP_REFERER=http://localhost/blog/index.php/post/index/0
---
2021/10/13 14:43:52 [error] [exception.CHttpException.400] CHttpException: Your request is invalid. in C:\xampp7\htdocs\yii-1.1.22\framework\web\CController.php:337
Stack trace:
#0 C:\xampp7\htdocs\yii-1.1.22\framework\web\CController.php(309): CController->invalidActionParams(Object(CInlineAction))
#1 C:\xampp7\htdocs\yii-1.1.22\framework\web\filters\CFilterChain.php(134): CController->runAction(Object(CInlineAction))
#2 C:\xampp7\htdocs\yii-1.1.22\framework\web\filters\CFilter.php(40): CFilterChain->run()
#3 C:\xampp7\htdocs\yii-1.1.22\framework\web\CController.php(1148): CFilter->filter(Object(CFilterChain))
#4 C:\xampp7\htdocs\yii-1.1.22\framework\web\filters\CInlineFilter.php(58): CController->filterAccessControl(Object(CFilterChain))
#5 C:\xampp7\htdocs\yii-1.1.22\framework\web\filters\CFilterChain.php(131): CInlineFilter->filter(Object(CFilterChain))
#6 C:\xampp7\htdocs\yii-1.1.22\framework\web\CController.php(291): CFilterChain->run()
#7 C:\xampp7\htdocs\yii-1.1.22\framework\web\CController.php(265): CController->runActionWithFilters(Object(CInlineAction), Array)
#8 C:\xampp7\htdocs\yii-1.1.22\framework\web\CWebApplication.php(282): CController->run('index')
#9 C:\xampp7\htdocs\yii-1.1.22\framework\web\CWebApplication.php(141): CWebApplication->runController('post/index/favi...')
#10 C:\xampp7\htdocs\yii-1.1.22\framework\base\CApplication.php(185): CWebApplication->processRequest()
#11 C:\xampp7\htdocs\blog\index.php(13): CApplication->run()
#12 {main}
REQUEST_URI=/blog/index.php/post/index/favicon.png
HTTP_REFERER=http://localhost/blog/index.php/post/index/0
---
2021/10/13 14:43:52 [error] [exception.CHttpException.400] CHttpException: Your request is invalid. in C:\xampp7\htdocs\yii-1.1.22\framework\web\CController.php:337
Stack trace:
#0 C:\xampp7\htdocs\yii-1.1.22\framework\web\CController.php(309): CController->invalidActionParams(Object(CInlineAction))
#1 C:\xampp7\htdocs\yii-1.1.22\framework\web\filters\CFilterChain.php(134): CController->runAction(Object(CInlineAction))
#2 C:\xampp7\htdocs\yii-1.1.22\framework\web\filters\CFilter.php(40): CFilterChain->run()
#3 C:\xampp7\htdocs\yii-1.1.22\framework\web\CController.php(1148): CFilter->filter(Object(CFilterChain))
#4 C:\xampp7\htdocs\yii-1.1.22\framework\web\filters\CInlineFilter.php(58): CController->filterAccessControl(Object(CFilterChain))
#5 C:\xampp7\htdocs\yii-1.1.22\framework\web\filters\CFilterChain.php(131): CInlineFilter->filter(Object(CFilterChain))
#6 C:\xampp7\htdocs\yii-1.1.22\framework\web\CController.php(291): CFilterChain->run()
#7 C:\xampp7\htdocs\yii-1.1.22\framework\web\CController.php(265): CController->runActionWithFilters(Object(CInlineAction), Array)
#8 C:\xampp7\htdocs\yii-1.1.22\framework\web\CWebApplication.php(282): CController->run('index')
#9 C:\xampp7\htdocs\yii-1.1.22\framework\web\CWebApplication.php(141): CWebApplication->runController('post/index/favi...')
#10 C:\xampp7\htdocs\yii-1.1.22\framework\base\CApplication.php(185): CWebApplication->processRequest()
#11 C:\xampp7\htdocs\blog\index.php(13): CApplication->run()
#12 {main}
REQUEST_URI=/blog/index.php/post/index/favicon.png
HTTP_REFERER=http://localhost/blog/index.php/post/index/0
---
2021/10/13 14:45:47 [error] [exception.CHttpException.400] CHttpException: Your request is invalid. in C:\xampp7\htdocs\yii-1.1.22\framework\web\CController.php:337
Stack trace:
#0 C:\xampp7\htdocs\yii-1.1.22\framework\web\CController.php(309): CController->invalidActionParams(Object(CInlineAction))
#1 C:\xampp7\htdocs\yii-1.1.22\framework\web\filters\CFilterChain.php(134): CController->runAction(Object(CInlineAction))
#2 C:\xampp7\htdocs\yii-1.1.22\framework\web\filters\CFilter.php(40): CFilterChain->run()
#3 C:\xampp7\htdocs\yii-1.1.22\framework\web\CController.php(1148): CFilter->filter(Object(CFilterChain))
#4 C:\xampp7\htdocs\yii-1.1.22\framework\web\filters\CInlineFilter.php(58): CController->filterAccessControl(Object(CFilterChain))
#5 C:\xampp7\htdocs\yii-1.1.22\framework\web\filters\CFilterChain.php(131): CInlineFilter->filter(Object(CFilterChain))
#6 C:\xampp7\htdocs\yii-1.1.22\framework\web\CController.php(291): CFilterChain->run()
#7 C:\xampp7\htdocs\yii-1.1.22\framework\web\CController.php(265): CController->runActionWithFilters(Object(CInlineAction), Array)
#8 C:\xampp7\htdocs\yii-1.1.22\framework\web\CWebApplication.php(282): CController->run('create')
#9 C:\xampp7\htdocs\yii-1.1.22\framework\web\CWebApplication.php(141): CWebApplication->runController('comentario/crea...')
#10 C:\xampp7\htdocs\yii-1.1.22\framework\base\CApplication.php(185): CWebApplication->processRequest()
#11 C:\xampp7\htdocs\blog\index.php(13): CApplication->run()
#12 {main}
REQUEST_URI=/blog/index.php/comentario/create/favicon.png
HTTP_REFERER=http://localhost/blog/index.php/comentario/create/8?
---
2021/10/13 14:45:47 [error] [exception.CHttpException.400] CHttpException: Your request is invalid. in C:\xampp7\htdocs\yii-1.1.22\framework\web\CController.php:337
Stack trace:
#0 C:\xampp7\htdocs\yii-1.1.22\framework\web\CController.php(309): CController->invalidActionParams(Object(CInlineAction))
#1 C:\xampp7\htdocs\yii-1.1.22\framework\web\filters\CFilterChain.php(134): CController->runAction(Object(CInlineAction))
#2 C:\xampp7\htdocs\yii-1.1.22\framework\web\filters\CFilter.php(40): CFilterChain->run()
#3 C:\xampp7\htdocs\yii-1.1.22\framework\web\CController.php(1148): CFilter->filter(Object(CFilterChain))
#4 C:\xampp7\htdocs\yii-1.1.22\framework\web\filters\CInlineFilter.php(58): CController->filterAccessControl(Object(CFilterChain))
#5 C:\xampp7\htdocs\yii-1.1.22\framework\web\filters\CFilterChain.php(131): CInlineFilter->filter(Object(CFilterChain))
#6 C:\xampp7\htdocs\yii-1.1.22\framework\web\CController.php(291): CFilterChain->run()
#7 C:\xampp7\htdocs\yii-1.1.22\framework\web\CController.php(265): CController->runActionWithFilters(Object(CInlineAction), Array)
#8 C:\xampp7\htdocs\yii-1.1.22\framework\web\CWebApplication.php(282): CController->run('create')
#9 C:\xampp7\htdocs\yii-1.1.22\framework\web\CWebApplication.php(141): CWebApplication->runController('comentario/crea...')
#10 C:\xampp7\htdocs\yii-1.1.22\framework\base\CApplication.php(185): CWebApplication->processRequest()
#11 C:\xampp7\htdocs\blog\index.php(13): CApplication->run()
#12 {main}
REQUEST_URI=/blog/index.php/comentario/create/favicon.png
HTTP_REFERER=http://localhost/blog/index.php/comentario/create/8?
---
2021/10/13 14:45:50 [error] [exception.CHttpException.400] CHttpException: Your request is invalid. in C:\xampp7\htdocs\yii-1.1.22\framework\web\CController.php:337
Stack trace:
#0 C:\xampp7\htdocs\yii-1.1.22\framework\web\CController.php(309): CController->invalidActionParams(Object(CInlineAction))
#1 C:\xampp7\htdocs\yii-1.1.22\framework\web\filters\CFilterChain.php(134): CController->runAction(Object(CInlineAction))
#2 C:\xampp7\htdocs\yii-1.1.22\framework\web\filters\CFilter.php(40): CFilterChain->run()
#3 C:\xampp7\htdocs\yii-1.1.22\framework\web\CController.php(1148): CFilter->filter(Object(CFilterChain))
#4 C:\xampp7\htdocs\yii-1.1.22\framework\web\filters\CInlineFilter.php(58): CController->filterAccessControl(Object(CFilterChain))
#5 C:\xampp7\htdocs\yii-1.1.22\framework\web\filters\CFilterChain.php(131): CInlineFilter->filter(Object(CFilterChain))
#6 C:\xampp7\htdocs\yii-1.1.22\framework\web\CController.php(291): CFilterChain->run()
#7 C:\xampp7\htdocs\yii-1.1.22\framework\web\CController.php(265): CController->runActionWithFilters(Object(CInlineAction), Array)
#8 C:\xampp7\htdocs\yii-1.1.22\framework\web\CWebApplication.php(282): CController->run('create')
#9 C:\xampp7\htdocs\yii-1.1.22\framework\web\CWebApplication.php(141): CWebApplication->runController('comentario/crea...')
#10 C:\xampp7\htdocs\yii-1.1.22\framework\base\CApplication.php(185): CWebApplication->processRequest()
#11 C:\xampp7\htdocs\blog\index.php(13): CApplication->run()
#12 {main}
REQUEST_URI=/blog/index.php/comentario/create/favicon.png
HTTP_REFERER=http://localhost/blog/index.php/comentario/create/8?
---
2021/10/13 14:45:50 [error] [exception.CHttpException.400] CHttpException: Your request is invalid. in C:\xampp7\htdocs\yii-1.1.22\framework\web\CController.php:337
Stack trace:
#0 C:\xampp7\htdocs\yii-1.1.22\framework\web\CController.php(309): CController->invalidActionParams(Object(CInlineAction))
#1 C:\xampp7\htdocs\yii-1.1.22\framework\web\filters\CFilterChain.php(134): CController->runAction(Object(CInlineAction))
#2 C:\xampp7\htdocs\yii-1.1.22\framework\web\filters\CFilter.php(40): CFilterChain->run()
#3 C:\xampp7\htdocs\yii-1.1.22\framework\web\CController.php(1148): CFilter->filter(Object(CFilterChain))
#4 C:\xampp7\htdocs\yii-1.1.22\framework\web\filters\CInlineFilter.php(58): CController->filterAccessControl(Object(CFilterChain))
#5 C:\xampp7\htdocs\yii-1.1.22\framework\web\filters\CFilterChain.php(131): CInlineFilter->filter(Object(CFilterChain))
#6 C:\xampp7\htdocs\yii-1.1.22\framework\web\CController.php(291): CFilterChain->run()
#7 C:\xampp7\htdocs\yii-1.1.22\framework\web\CController.php(265): CController->runActionWithFilters(Object(CInlineAction), Array)
#8 C:\xampp7\htdocs\yii-1.1.22\framework\web\CWebApplication.php(282): CController->run('create')
#9 C:\xampp7\htdocs\yii-1.1.22\framework\web\CWebApplication.php(141): CWebApplication->runController('comentario/crea...')
#10 C:\xampp7\htdocs\yii-1.1.22\framework\base\CApplication.php(185): CWebApplication->processRequest()
#11 C:\xampp7\htdocs\blog\index.php(13): CApplication->run()
#12 {main}
REQUEST_URI=/blog/index.php/comentario/create/favicon.png
HTTP_REFERER=http://localhost/blog/index.php/comentario/create/8?
---
2021/10/13 14:46:13 [error] [exception.CHttpException.400] CHttpException: Your request is invalid. in C:\xampp7\htdocs\yii-1.1.22\framework\web\CController.php:337
Stack trace:
#0 C:\xampp7\htdocs\yii-1.1.22\framework\web\CController.php(309): CController->invalidActionParams(Object(CInlineAction))
#1 C:\xampp7\htdocs\yii-1.1.22\framework\web\filters\CFilterChain.php(134): CController->runAction(Object(CInlineAction))
#2 C:\xampp7\htdocs\yii-1.1.22\framework\web\filters\CFilter.php(40): CFilterChain->run()
#3 C:\xampp7\htdocs\yii-1.1.22\framework\web\CController.php(1148): CFilter->filter(Object(CFilterChain))
#4 C:\xampp7\htdocs\yii-1.1.22\framework\web\filters\CInlineFilter.php(58): CController->filterAccessControl(Object(CFilterChain))
#5 C:\xampp7\htdocs\yii-1.1.22\framework\web\filters\CFilterChain.php(131): CInlineFilter->filter(Object(CFilterChain))
#6 C:\xampp7\htdocs\yii-1.1.22\framework\web\CController.php(291): CFilterChain->run()
#7 C:\xampp7\htdocs\yii-1.1.22\framework\web\CController.php(265): CController->runActionWithFilters(Object(CInlineAction), Array)
#8 C:\xampp7\htdocs\yii-1.1.22\framework\web\CWebApplication.php(282): CController->run('index')
#9 C:\xampp7\htdocs\yii-1.1.22\framework\web\CWebApplication.php(141): CWebApplication->runController('post/index/favi...')
#10 C:\xampp7\htdocs\yii-1.1.22\framework\base\CApplication.php(185): CWebApplication->processRequest()
#11 C:\xampp7\htdocs\blog\index.php(13): CApplication->run()
#12 {main}
REQUEST_URI=/blog/index.php/post/index/favicon.png
HTTP_REFERER=http://localhost/blog/index.php/post/index/6
---
2021/10/13 14:46:13 [error] [exception.CHttpException.400] CHttpException: Your request is invalid. in C:\xampp7\htdocs\yii-1.1.22\framework\web\CController.php:337
Stack trace:
#0 C:\xampp7\htdocs\yii-1.1.22\framework\web\CController.php(309): CController->invalidActionParams(Object(CInlineAction))
#1 C:\xampp7\htdocs\yii-1.1.22\framework\web\filters\CFilterChain.php(134): CController->runAction(Object(CInlineAction))
#2 C:\xampp7\htdocs\yii-1.1.22\framework\web\filters\CFilter.php(40): CFilterChain->run()
#3 C:\xampp7\htdocs\yii-1.1.22\framework\web\CController.php(1148): CFilter->filter(Object(CFilterChain))
#4 C:\xampp7\htdocs\yii-1.1.22\framework\web\filters\CInlineFilter.php(58): CController->filterAccessControl(Object(CFilterChain))
#5 C:\xampp7\htdocs\yii-1.1.22\framework\web\filters\CFilterChain.php(131): CInlineFilter->filter(Object(CFilterChain))
#6 C:\xampp7\htdocs\yii-1.1.22\framework\web\CController.php(291): CFilterChain->run()
#7 C:\xampp7\htdocs\yii-1.1.22\framework\web\CController.php(265): CController->runActionWithFilters(Object(CInlineAction), Array)
#8 C:\xampp7\htdocs\yii-1.1.22\framework\web\CWebApplication.php(282): CController->run('index')
#9 C:\xampp7\htdocs\yii-1.1.22\framework\web\CWebApplication.php(141): CWebApplication->runController('post/index/favi...')
#10 C:\xampp7\htdocs\yii-1.1.22\framework\base\CApplication.php(185): CWebApplication->processRequest()
#11 C:\xampp7\htdocs\blog\index.php(13): CApplication->run()
#12 {main}
REQUEST_URI=/blog/index.php/post/index/favicon.png
HTTP_REFERER=http://localhost/blog/index.php/post/index/6
---
2021/10/13 14:46:22 [error] [exception.CHttpException.400] CHttpException: Your request is invalid. in C:\xampp7\htdocs\yii-1.1.22\framework\web\CController.php:337
Stack trace:
#0 C:\xampp7\htdocs\yii-1.1.22\framework\web\CController.php(309): CController->invalidActionParams(Object(CInlineAction))
#1 C:\xampp7\htdocs\yii-1.1.22\framework\web\filters\CFilterChain.php(134): CController->runAction(Object(CInlineAction))
#2 C:\xampp7\htdocs\yii-1.1.22\framework\web\filters\CFilter.php(40): CFilterChain->run()
#3 C:\xampp7\htdocs\yii-1.1.22\framework\web\CController.php(1148): CFilter->filter(Object(CFilterChain))
#4 C:\xampp7\htdocs\yii-1.1.22\framework\web\filters\CInlineFilter.php(58): CController->filterAccessControl(Object(CFilterChain))
#5 C:\xampp7\htdocs\yii-1.1.22\framework\web\filters\CFilterChain.php(131): CInlineFilter->filter(Object(CFilterChain))
#6 C:\xampp7\htdocs\yii-1.1.22\framework\web\CController.php(291): CFilterChain->run()
#7 C:\xampp7\htdocs\yii-1.1.22\framework\web\CController.php(265): CController->runActionWithFilters(Object(CInlineAction), Array)
#8 C:\xampp7\htdocs\yii-1.1.22\framework\web\CWebApplication.php(282): CController->run('index')
#9 C:\xampp7\htdocs\yii-1.1.22\framework\web\CWebApplication.php(141): CWebApplication->runController('post/index/favi...')
#10 C:\xampp7\htdocs\yii-1.1.22\framework\base\CApplication.php(185): CWebApplication->processRequest()
#11 C:\xampp7\htdocs\blog\index.php(13): CApplication->run()
#12 {main}
REQUEST_URI=/blog/index.php/post/index/favicon.png
HTTP_REFERER=http://localhost/blog/index.php/post/index/0
---
2021/10/13 14:46:23 [error] [exception.CHttpException.400] CHttpException: Your request is invalid. in C:\xampp7\htdocs\yii-1.1.22\framework\web\CController.php:337
Stack trace:
#0 C:\xampp7\htdocs\yii-1.1.22\framework\web\CController.php(309): CController->invalidActionParams(Object(CInlineAction))
#1 C:\xampp7\htdocs\yii-1.1.22\framework\web\filters\CFilterChain.php(134): CController->runAction(Object(CInlineAction))
#2 C:\xampp7\htdocs\yii-1.1.22\framework\web\filters\CFilter.php(40): CFilterChain->run()
#3 C:\xampp7\htdocs\yii-1.1.22\framework\web\CController.php(1148): CFilter->filter(Object(CFilterChain))
#4 C:\xampp7\htdocs\yii-1.1.22\framework\web\filters\CInlineFilter.php(58): CController->filterAccessControl(Object(CFilterChain))
#5 C:\xampp7\htdocs\yii-1.1.22\framework\web\filters\CFilterChain.php(131): CInlineFilter->filter(Object(CFilterChain))
#6 C:\xampp7\htdocs\yii-1.1.22\framework\web\CController.php(291): CFilterChain->run()
#7 C:\xampp7\htdocs\yii-1.1.22\framework\web\CController.php(265): CController->runActionWithFilters(Object(CInlineAction), Array)
#8 C:\xampp7\htdocs\yii-1.1.22\framework\web\CWebApplication.php(282): CController->run('index')
#9 C:\xampp7\htdocs\yii-1.1.22\framework\web\CWebApplication.php(141): CWebApplication->runController('post/index/favi...')
#10 C:\xampp7\htdocs\yii-1.1.22\framework\base\CApplication.php(185): CWebApplication->processRequest()
#11 C:\xampp7\htdocs\blog\index.php(13): CApplication->run()
#12 {main}
REQUEST_URI=/blog/index.php/post/index/favicon.png
HTTP_REFERER=http://localhost/blog/index.php/post/index/0
---
2021/10/13 14:46:29 [error] [exception.CHttpException.400] CHttpException: Your request is invalid. in C:\xampp7\htdocs\yii-1.1.22\framework\web\CController.php:337
Stack trace:
#0 C:\xampp7\htdocs\yii-1.1.22\framework\web\CController.php(309): CController->invalidActionParams(Object(CInlineAction))
#1 C:\xampp7\htdocs\yii-1.1.22\framework\web\filters\CFilterChain.php(134): CController->runAction(Object(CInlineAction))
#2 C:\xampp7\htdocs\yii-1.1.22\framework\web\filters\CFilter.php(40): CFilterChain->run()
#3 C:\xampp7\htdocs\yii-1.1.22\framework\web\CController.php(1148): CFilter->filter(Object(CFilterChain))
#4 C:\xampp7\htdocs\yii-1.1.22\framework\web\filters\CInlineFilter.php(58): CController->filterAccessControl(Object(CFilterChain))
#5 C:\xampp7\htdocs\yii-1.1.22\framework\web\filters\CFilterChain.php(131): CInlineFilter->filter(Object(CFilterChain))
#6 C:\xampp7\htdocs\yii-1.1.22\framework\web\CController.php(291): CFilterChain->run()
#7 C:\xampp7\htdocs\yii-1.1.22\framework\web\CController.php(265): CController->runActionWithFilters(Object(CInlineAction), Array)
#8 C:\xampp7\htdocs\yii-1.1.22\framework\web\CWebApplication.php(282): CController->run('index')
#9 C:\xampp7\htdocs\yii-1.1.22\framework\web\CWebApplication.php(141): CWebApplication->runController('post/index/favi...')
#10 C:\xampp7\htdocs\yii-1.1.22\framework\base\CApplication.php(185): CWebApplication->processRequest()
#11 C:\xampp7\htdocs\blog\index.php(13): CApplication->run()
#12 {main}
REQUEST_URI=/blog/index.php/post/index/favicon.png
HTTP_REFERER=http://localhost/blog/index.php/post/index/0?page=2
---
2021/10/13 14:46:30 [error] [exception.CHttpException.400] CHttpException: Your request is invalid. in C:\xampp7\htdocs\yii-1.1.22\framework\web\CController.php:337
Stack trace:
#0 C:\xampp7\htdocs\yii-1.1.22\framework\web\CController.php(309): CController->invalidActionParams(Object(CInlineAction))
#1 C:\xampp7\htdocs\yii-1.1.22\framework\web\filters\CFilterChain.php(134): CController->runAction(Object(CInlineAction))
#2 C:\xampp7\htdocs\yii-1.1.22\framework\web\filters\CFilter.php(40): CFilterChain->run()
#3 C:\xampp7\htdocs\yii-1.1.22\framework\web\CController.php(1148): CFilter->filter(Object(CFilterChain))
#4 C:\xampp7\htdocs\yii-1.1.22\framework\web\filters\CInlineFilter.php(58): CController->filterAccessControl(Object(CFilterChain))
#5 C:\xampp7\htdocs\yii-1.1.22\framework\web\filters\CFilterChain.php(131): CInlineFilter->filter(Object(CFilterChain))
#6 C:\xampp7\htdocs\yii-1.1.22\framework\web\CController.php(291): CFilterChain->run()
#7 C:\xampp7\htdocs\yii-1.1.22\framework\web\CController.php(265): CController->runActionWithFilters(Object(CInlineAction), Array)
#8 C:\xampp7\htdocs\yii-1.1.22\framework\web\CWebApplication.php(282): CController->run('index')
#9 C:\xampp7\htdocs\yii-1.1.22\framework\web\CWebApplication.php(141): CWebApplication->runController('post/index/favi...')
#10 C:\xampp7\htdocs\yii-1.1.22\framework\base\CApplication.php(185): CWebApplication->processRequest()
#11 C:\xampp7\htdocs\blog\index.php(13): CApplication->run()
#12 {main}
REQUEST_URI=/blog/index.php/post/index/favicon.png
HTTP_REFERER=http://localhost/blog/index.php/post/index/0?page=2
---
2021/10/13 14:46:32 [error] [exception.CHttpException.400] CHttpException: Your request is invalid. in C:\xampp7\htdocs\yii-1.1.22\framework\web\CController.php:337
Stack trace:
#0 C:\xampp7\htdocs\yii-1.1.22\framework\web\CController.php(309): CController->invalidActionParams(Object(CInlineAction))
#1 C:\xampp7\htdocs\yii-1.1.22\framework\web\filters\CFilterChain.php(134): CController->runAction(Object(CInlineAction))
#2 C:\xampp7\htdocs\yii-1.1.22\framework\web\filters\CFilter.php(40): CFilterChain->run()
#3 C:\xampp7\htdocs\yii-1.1.22\framework\web\CController.php(1148): CFilter->filter(Object(CFilterChain))
#4 C:\xampp7\htdocs\yii-1.1.22\framework\web\filters\CInlineFilter.php(58): CController->filterAccessControl(Object(CFilterChain))
#5 C:\xampp7\htdocs\yii-1.1.22\framework\web\filters\CFilterChain.php(131): CInlineFilter->filter(Object(CFilterChain))
#6 C:\xampp7\htdocs\yii-1.1.22\framework\web\CController.php(291): CFilterChain->run()
#7 C:\xampp7\htdocs\yii-1.1.22\framework\web\CController.php(265): CController->runActionWithFilters(Object(CInlineAction), Array)
#8 C:\xampp7\htdocs\yii-1.1.22\framework\web\CWebApplication.php(282): CController->run('index')
#9 C:\xampp7\htdocs\yii-1.1.22\framework\web\CWebApplication.php(141): CWebApplication->runController('post/index/favi...')
#10 C:\xampp7\htdocs\yii-1.1.22\framework\base\CApplication.php(185): CWebApplication->processRequest()
#11 C:\xampp7\htdocs\blog\index.php(13): CApplication->run()
#12 {main}
REQUEST_URI=/blog/index.php/post/index/favicon.png
HTTP_REFERER=http://localhost/blog/index.php/post/index/0
---
2021/10/13 14:46:33 [error] [exception.CHttpException.400] CHttpException: Your request is invalid. in C:\xampp7\htdocs\yii-1.1.22\framework\web\CController.php:337
Stack trace:
#0 C:\xampp7\htdocs\yii-1.1.22\framework\web\CController.php(309): CController->invalidActionParams(Object(CInlineAction))
#1 C:\xampp7\htdocs\yii-1.1.22\framework\web\filters\CFilterChain.php(134): CController->runAction(Object(CInlineAction))
#2 C:\xampp7\htdocs\yii-1.1.22\framework\web\filters\CFilter.php(40): CFilterChain->run()
#3 C:\xampp7\htdocs\yii-1.1.22\framework\web\CController.php(1148): CFilter->filter(Object(CFilterChain))
#4 C:\xampp7\htdocs\yii-1.1.22\framework\web\filters\CInlineFilter.php(58): CController->filterAccessControl(Object(CFilterChain))
#5 C:\xampp7\htdocs\yii-1.1.22\framework\web\filters\CFilterChain.php(131): CInlineFilter->filter(Object(CFilterChain))
#6 C:\xampp7\htdocs\yii-1.1.22\framework\web\CController.php(291): CFilterChain->run()
#7 C:\xampp7\htdocs\yii-1.1.22\framework\web\CController.php(265): CController->runActionWithFilters(Object(CInlineAction), Array)
#8 C:\xampp7\htdocs\yii-1.1.22\framework\web\CWebApplication.php(282): CController->run('index')
#9 C:\xampp7\htdocs\yii-1.1.22\framework\web\CWebApplication.php(141): CWebApplication->runController('post/index/favi...')
#10 C:\xampp7\htdocs\yii-1.1.22\framework\base\CApplication.php(185): CWebApplication->processRequest()
#11 C:\xampp7\htdocs\blog\index.php(13): CApplication->run()
#12 {main}
REQUEST_URI=/blog/index.php/post/index/favicon.png
HTTP_REFERER=http://localhost/blog/index.php/post/index/0
---
2021/10/13 14:46:44 [error] [exception.CHttpException.400] CHttpException: Your request is invalid. in C:\xampp7\htdocs\yii-1.1.22\framework\web\CController.php:337
Stack trace:
#0 C:\xampp7\htdocs\yii-1.1.22\framework\web\CController.php(309): CController->invalidActionParams(Object(CInlineAction))
#1 C:\xampp7\htdocs\yii-1.1.22\framework\web\filters\CFilterChain.php(134): CController->runAction(Object(CInlineAction))
#2 C:\xampp7\htdocs\yii-1.1.22\framework\web\filters\CFilter.php(40): CFilterChain->run()
#3 C:\xampp7\htdocs\yii-1.1.22\framework\web\CController.php(1148): CFilter->filter(Object(CFilterChain))
#4 C:\xampp7\htdocs\yii-1.1.22\framework\web\filters\CInlineFilter.php(58): CController->filterAccessControl(Object(CFilterChain))
#5 C:\xampp7\htdocs\yii-1.1.22\framework\web\filters\CFilterChain.php(131): CInlineFilter->filter(Object(CFilterChain))
#6 C:\xampp7\htdocs\yii-1.1.22\framework\web\CController.php(291): CFilterChain->run()
#7 C:\xampp7\htdocs\yii-1.1.22\framework\web\CController.php(265): CController->runActionWithFilters(Object(CInlineAction), Array)
#8 C:\xampp7\htdocs\yii-1.1.22\framework\web\CWebApplication.php(282): CController->run('index')
#9 C:\xampp7\htdocs\yii-1.1.22\framework\web\CWebApplication.php(141): CWebApplication->runController('post/index/favi...')
#10 C:\xampp7\htdocs\yii-1.1.22\framework\base\CApplication.php(185): CWebApplication->processRequest()
#11 C:\xampp7\htdocs\blog\index.php(13): CApplication->run()
#12 {main}
REQUEST_URI=/blog/index.php/post/index/favicon.png
HTTP_REFERER=http://localhost/blog/index.php/post/index/6
---
2021/10/13 14:46:45 [error] [exception.CHttpException.400] CHttpException: Your request is invalid. in C:\xampp7\htdocs\yii-1.1.22\framework\web\CController.php:337
Stack trace:
#0 C:\xampp7\htdocs\yii-1.1.22\framework\web\CController.php(309): CController->invalidActionParams(Object(CInlineAction))
#1 C:\xampp7\htdocs\yii-1.1.22\framework\web\filters\CFilterChain.php(134): CController->runAction(Object(CInlineAction))
#2 C:\xampp7\htdocs\yii-1.1.22\framework\web\filters\CFilter.php(40): CFilterChain->run()
#3 C:\xampp7\htdocs\yii-1.1.22\framework\web\CController.php(1148): CFilter->filter(Object(CFilterChain))
#4 C:\xampp7\htdocs\yii-1.1.22\framework\web\filters\CInlineFilter.php(58): CController->filterAccessControl(Object(CFilterChain))
#5 C:\xampp7\htdocs\yii-1.1.22\framework\web\filters\CFilterChain.php(131): CInlineFilter->filter(Object(CFilterChain))
#6 C:\xampp7\htdocs\yii-1.1.22\framework\web\CController.php(291): CFilterChain->run()
#7 C:\xampp7\htdocs\yii-1.1.22\framework\web\CController.php(265): CController->runActionWithFilters(Object(CInlineAction), Array)
#8 C:\xampp7\htdocs\yii-1.1.22\framework\web\CWebApplication.php(282): CController->run('index')
#9 C:\xampp7\htdocs\yii-1.1.22\framework\web\CWebApplication.php(141): CWebApplication->runController('post/index/favi...')
#10 C:\xampp7\htdocs\yii-1.1.22\framework\base\CApplication.php(185): CWebApplication->processRequest()
#11 C:\xampp7\htdocs\blog\index.php(13): CApplication->run()
#12 {main}
REQUEST_URI=/blog/index.php/post/index/favicon.png
HTTP_REFERER=http://localhost/blog/index.php/post/index/6
---
2021/10/13 14:46:49 [error] [exception.CHttpException.400] CHttpException: Your request is invalid. in C:\xampp7\htdocs\yii-1.1.22\framework\web\CController.php:337
Stack trace:
#0 C:\xampp7\htdocs\yii-1.1.22\framework\web\CController.php(309): CController->invalidActionParams(Object(CInlineAction))
#1 C:\xampp7\htdocs\yii-1.1.22\framework\web\filters\CFilterChain.php(134): CController->runAction(Object(CInlineAction))
#2 C:\xampp7\htdocs\yii-1.1.22\framework\web\filters\CFilter.php(40): CFilterChain->run()
#3 C:\xampp7\htdocs\yii-1.1.22\framework\web\CController.php(1148): CFilter->filter(Object(CFilterChain))
#4 C:\xampp7\htdocs\yii-1.1.22\framework\web\filters\CInlineFilter.php(58): CController->filterAccessControl(Object(CFilterChain))
#5 C:\xampp7\htdocs\yii-1.1.22\framework\web\filters\CFilterChain.php(131): CInlineFilter->filter(Object(CFilterChain))
#6 C:\xampp7\htdocs\yii-1.1.22\framework\web\CController.php(291): CFilterChain->run()
#7 C:\xampp7\htdocs\yii-1.1.22\framework\web\CController.php(265): CController->runActionWithFilters(Object(CInlineAction), Array)
#8 C:\xampp7\htdocs\yii-1.1.22\framework\web\CWebApplication.php(282): CController->run('index')
#9 C:\xampp7\htdocs\yii-1.1.22\framework\web\CWebApplication.php(141): CWebApplication->runController('post/index/favi...')
#10 C:\xampp7\htdocs\yii-1.1.22\framework\base\CApplication.php(185): CWebApplication->processRequest()
#11 C:\xampp7\htdocs\blog\index.php(13): CApplication->run()
#12 {main}
REQUEST_URI=/blog/index.php/post/index/favicon.png
HTTP_REFERER=http://localhost/blog/index.php/post/index/2
---
2021/10/13 14:46:49 [error] [exception.CHttpException.400] CHttpException: Your request is invalid. in C:\xampp7\htdocs\yii-1.1.22\framework\web\CController.php:337
Stack trace:
#0 C:\xampp7\htdocs\yii-1.1.22\framework\web\CController.php(309): CController->invalidActionParams(Object(CInlineAction))
#1 C:\xampp7\htdocs\yii-1.1.22\framework\web\filters\CFilterChain.php(134): CController->runAction(Object(CInlineAction))
#2 C:\xampp7\htdocs\yii-1.1.22\framework\web\filters\CFilter.php(40): CFilterChain->run()
#3 C:\xampp7\htdocs\yii-1.1.22\framework\web\CController.php(1148): CFilter->filter(Object(CFilterChain))
#4 C:\xampp7\htdocs\yii-1.1.22\framework\web\filters\CInlineFilter.php(58): CController->filterAccessControl(Object(CFilterChain))
#5 C:\xampp7\htdocs\yii-1.1.22\framework\web\filters\CFilterChain.php(131): CInlineFilter->filter(Object(CFilterChain))
#6 C:\xampp7\htdocs\yii-1.1.22\framework\web\CController.php(291): CFilterChain->run()
#7 C:\xampp7\htdocs\yii-1.1.22\framework\web\CController.php(265): CController->runActionWithFilters(Object(CInlineAction), Array)
#8 C:\xampp7\htdocs\yii-1.1.22\framework\web\CWebApplication.php(282): CController->run('index')
#9 C:\xampp7\htdocs\yii-1.1.22\framework\web\CWebApplication.php(141): CWebApplication->runController('post/index/favi...')
#10 C:\xampp7\htdocs\yii-1.1.22\framework\base\CApplication.php(185): CWebApplication->processRequest()
#11 C:\xampp7\htdocs\blog\index.php(13): CApplication->run()
#12 {main}
REQUEST_URI=/blog/index.php/post/index/favicon.png
HTTP_REFERER=http://localhost/blog/index.php/post/index/2
---
2021/10/13 14:46:53 [error] [exception.CHttpException.400] CHttpException: Your request is invalid. in C:\xampp7\htdocs\yii-1.1.22\framework\web\CController.php:337
Stack trace:
#0 C:\xampp7\htdocs\yii-1.1.22\framework\web\CController.php(309): CController->invalidActionParams(Object(CInlineAction))
#1 C:\xampp7\htdocs\yii-1.1.22\framework\web\filters\CFilterChain.php(134): CController->runAction(Object(CInlineAction))
#2 C:\xampp7\htdocs\yii-1.1.22\framework\web\filters\CFilter.php(40): CFilterChain->run()
#3 C:\xampp7\htdocs\yii-1.1.22\framework\web\CController.php(1148): CFilter->filter(Object(CFilterChain))
#4 C:\xampp7\htdocs\yii-1.1.22\framework\web\filters\CInlineFilter.php(58): CController->filterAccessControl(Object(CFilterChain))
#5 C:\xampp7\htdocs\yii-1.1.22\framework\web\filters\CFilterChain.php(131): CInlineFilter->filter(Object(CFilterChain))
#6 C:\xampp7\htdocs\yii-1.1.22\framework\web\CController.php(291): CFilterChain->run()
#7 C:\xampp7\htdocs\yii-1.1.22\framework\web\CController.php(265): CController->runActionWithFilters(Object(CInlineAction), Array)
#8 C:\xampp7\htdocs\yii-1.1.22\framework\web\CWebApplication.php(282): CController->run('index')
#9 C:\xampp7\htdocs\yii-1.1.22\framework\web\CWebApplication.php(141): CWebApplication->runController('post/index/favi...')
#10 C:\xampp7\htdocs\yii-1.1.22\framework\base\CApplication.php(185): CWebApplication->processRequest()
#11 C:\xampp7\htdocs\blog\index.php(13): CApplication->run()
#12 {main}
REQUEST_URI=/blog/index.php/post/index/favicon.png
HTTP_REFERER=http://localhost/blog/index.php/post/index/0
---
2021/10/13 14:46:53 [error] [exception.CHttpException.400] CHttpException: Your request is invalid. in C:\xampp7\htdocs\yii-1.1.22\framework\web\CController.php:337
Stack trace:
#0 C:\xampp7\htdocs\yii-1.1.22\framework\web\CController.php(309): CController->invalidActionParams(Object(CInlineAction))
#1 C:\xampp7\htdocs\yii-1.1.22\framework\web\filters\CFilterChain.php(134): CController->runAction(Object(CInlineAction))
#2 C:\xampp7\htdocs\yii-1.1.22\framework\web\filters\CFilter.php(40): CFilterChain->run()
#3 C:\xampp7\htdocs\yii-1.1.22\framework\web\CController.php(1148): CFilter->filter(Object(CFilterChain))
#4 C:\xampp7\htdocs\yii-1.1.22\framework\web\filters\CInlineFilter.php(58): CController->filterAccessControl(Object(CFilterChain))
#5 C:\xampp7\htdocs\yii-1.1.22\framework\web\filters\CFilterChain.php(131): CInlineFilter->filter(Object(CFilterChain))
#6 C:\xampp7\htdocs\yii-1.1.22\framework\web\CController.php(291): CFilterChain->run()
#7 C:\xampp7\htdocs\yii-1.1.22\framework\web\CController.php(265): CController->runActionWithFilters(Object(CInlineAction), Array)
#8 C:\xampp7\htdocs\yii-1.1.22\framework\web\CWebApplication.php(282): CController->run('index')
#9 C:\xampp7\htdocs\yii-1.1.22\framework\web\CWebApplication.php(141): CWebApplication->runController('post/index/favi...')
#10 C:\xampp7\htdocs\yii-1.1.22\framework\base\CApplication.php(185): CWebApplication->processRequest()
#11 C:\xampp7\htdocs\blog\index.php(13): CApplication->run()
#12 {main}
REQUEST_URI=/blog/index.php/post/index/favicon.png
HTTP_REFERER=http://localhost/blog/index.php/post/index/0
---
2021/10/13 14:47:06 [error] [exception.CHttpException.400] CHttpException: Your request is invalid. in C:\xampp7\htdocs\yii-1.1.22\framework\web\CController.php:337
Stack trace:
#0 C:\xampp7\htdocs\yii-1.1.22\framework\web\CController.php(309): CController->invalidActionParams(Object(CInlineAction))
#1 C:\xampp7\htdocs\yii-1.1.22\framework\web\filters\CFilterChain.php(134): CController->runAction(Object(CInlineAction))
#2 C:\xampp7\htdocs\yii-1.1.22\framework\web\filters\CFilter.php(40): CFilterChain->run()
#3 C:\xampp7\htdocs\yii-1.1.22\framework\web\CController.php(1148): CFilter->filter(Object(CFilterChain))
#4 C:\xampp7\htdocs\yii-1.1.22\framework\web\filters\CInlineFilter.php(58): CController->filterAccessControl(Object(CFilterChain))
#5 C:\xampp7\htdocs\yii-1.1.22\framework\web\filters\CFilterChain.php(131): CInlineFilter->filter(Object(CFilterChain))
#6 C:\xampp7\htdocs\yii-1.1.22\framework\web\CController.php(291): CFilterChain->run()
#7 C:\xampp7\htdocs\yii-1.1.22\framework\web\CController.php(265): CController->runActionWithFilters(Object(CInlineAction), Array)
#8 C:\xampp7\htdocs\yii-1.1.22\framework\web\CWebApplication.php(282): CController->run('index')
#9 C:\xampp7\htdocs\yii-1.1.22\framework\web\CWebApplication.php(141): CWebApplication->runController('post/index/favi...')
#10 C:\xampp7\htdocs\yii-1.1.22\framework\base\CApplication.php(185): CWebApplication->processRequest()
#11 C:\xampp7\htdocs\blog\index.php(13): CApplication->run()
#12 {main}
REQUEST_URI=/blog/index.php/post/index/favicon.png
HTTP_REFERER=http://localhost/blog/index.php/post/index/0
---
2021/10/13 14:47:06 [error] [exception.CHttpException.400] CHttpException: Your request is invalid. in C:\xampp7\htdocs\yii-1.1.22\framework\web\CController.php:337
Stack trace:
#0 C:\xampp7\htdocs\yii-1.1.22\framework\web\CController.php(309): CController->invalidActionParams(Object(CInlineAction))
#1 C:\xampp7\htdocs\yii-1.1.22\framework\web\filters\CFilterChain.php(134): CController->runAction(Object(CInlineAction))
#2 C:\xampp7\htdocs\yii-1.1.22\framework\web\filters\CFilter.php(40): CFilterChain->run()
#3 C:\xampp7\htdocs\yii-1.1.22\framework\web\CController.php(1148): CFilter->filter(Object(CFilterChain))
#4 C:\xampp7\htdocs\yii-1.1.22\framework\web\filters\CInlineFilter.php(58): CController->filterAccessControl(Object(CFilterChain))
#5 C:\xampp7\htdocs\yii-1.1.22\framework\web\filters\CFilterChain.php(131): CInlineFilter->filter(Object(CFilterChain))
#6 C:\xampp7\htdocs\yii-1.1.22\framework\web\CController.php(291): CFilterChain->run()
#7 C:\xampp7\htdocs\yii-1.1.22\framework\web\CController.php(265): CController->runActionWithFilters(Object(CInlineAction), Array)
#8 C:\xampp7\htdocs\yii-1.1.22\framework\web\CWebApplication.php(282): CController->run('index')
#9 C:\xampp7\htdocs\yii-1.1.22\framework\web\CWebApplication.php(141): CWebApplication->runController('post/index/favi...')
#10 C:\xampp7\htdocs\yii-1.1.22\framework\base\CApplication.php(185): CWebApplication->processRequest()
#11 C:\xampp7\htdocs\blog\index.php(13): CApplication->run()
#12 {main}
REQUEST_URI=/blog/index.php/post/index/favicon.png
HTTP_REFERER=http://localhost/blog/index.php/post/index/0
---
2021/10/13 14:47:16 [error] [exception.CHttpException.400] CHttpException: Your request is invalid. in C:\xampp7\htdocs\yii-1.1.22\framework\web\CController.php:337
Stack trace:
#0 C:\xampp7\htdocs\yii-1.1.22\framework\web\CController.php(309): CController->invalidActionParams(Object(CInlineAction))
#1 C:\xampp7\htdocs\yii-1.1.22\framework\web\filters\CFilterChain.php(134): CController->runAction(Object(CInlineAction))
#2 C:\xampp7\htdocs\yii-1.1.22\framework\web\filters\CFilter.php(40): CFilterChain->run()
#3 C:\xampp7\htdocs\yii-1.1.22\framework\web\CController.php(1148): CFilter->filter(Object(CFilterChain))
#4 C:\xampp7\htdocs\yii-1.1.22\framework\web\filters\CInlineFilter.php(58): CController->filterAccessControl(Object(CFilterChain))
#5 C:\xampp7\htdocs\yii-1.1.22\framework\web\filters\CFilterChain.php(131): CInlineFilter->filter(Object(CFilterChain))
#6 C:\xampp7\htdocs\yii-1.1.22\framework\web\CController.php(291): CFilterChain->run()
#7 C:\xampp7\htdocs\yii-1.1.22\framework\web\CController.php(265): CController->runActionWithFilters(Object(CInlineAction), Array)
#8 C:\xampp7\htdocs\yii-1.1.22\framework\web\CWebApplication.php(282): CController->run('create')
#9 C:\xampp7\htdocs\yii-1.1.22\framework\web\CWebApplication.php(141): CWebApplication->runController('comentario/crea...')
#10 C:\xampp7\htdocs\yii-1.1.22\framework\base\CApplication.php(185): CWebApplication->processRequest()
#11 C:\xampp7\htdocs\blog\index.php(13): CApplication->run()
#12 {main}
REQUEST_URI=/blog/index.php/comentario/create/favicon.png
HTTP_REFERER=http://localhost/blog/index.php/comentario/create/8?
---
2021/10/13 14:47:16 [error] [exception.CHttpException.400] CHttpException: Your request is invalid. in C:\xampp7\htdocs\yii-1.1.22\framework\web\CController.php:337
Stack trace:
#0 C:\xampp7\htdocs\yii-1.1.22\framework\web\CController.php(309): CController->invalidActionParams(Object(CInlineAction))
#1 C:\xampp7\htdocs\yii-1.1.22\framework\web\filters\CFilterChain.php(134): CController->runAction(Object(CInlineAction))
#2 C:\xampp7\htdocs\yii-1.1.22\framework\web\filters\CFilter.php(40): CFilterChain->run()
#3 C:\xampp7\htdocs\yii-1.1.22\framework\web\CController.php(1148): CFilter->filter(Object(CFilterChain))
#4 C:\xampp7\htdocs\yii-1.1.22\framework\web\filters\CInlineFilter.php(58): CController->filterAccessControl(Object(CFilterChain))
#5 C:\xampp7\htdocs\yii-1.1.22\framework\web\filters\CFilterChain.php(131): CInlineFilter->filter(Object(CFilterChain))
#6 C:\xampp7\htdocs\yii-1.1.22\framework\web\CController.php(291): CFilterChain->run()
#7 C:\xampp7\htdocs\yii-1.1.22\framework\web\CController.php(265): CController->runActionWithFilters(Object(CInlineAction), Array)
#8 C:\xampp7\htdocs\yii-1.1.22\framework\web\CWebApplication.php(282): CController->run('create')
#9 C:\xampp7\htdocs\yii-1.1.22\framework\web\CWebApplication.php(141): CWebApplication->runController('comentario/crea...')
#10 C:\xampp7\htdocs\yii-1.1.22\framework\base\CApplication.php(185): CWebApplication->processRequest()
#11 C:\xampp7\htdocs\blog\index.php(13): CApplication->run()
#12 {main}
REQUEST_URI=/blog/index.php/comentario/create/favicon.png
HTTP_REFERER=http://localhost/blog/index.php/comentario/create/8?
---
2021/10/13 14:47:44 [error] [exception.CHttpException.400] CHttpException: Your request is invalid. in C:\xampp7\htdocs\yii-1.1.22\framework\web\CController.php:337
Stack trace:
#0 C:\xampp7\htdocs\yii-1.1.22\framework\web\CController.php(309): CController->invalidActionParams(Object(CInlineAction))
#1 C:\xampp7\htdocs\yii-1.1.22\framework\web\filters\CFilterChain.php(134): CController->runAction(Object(CInlineAction))
#2 C:\xampp7\htdocs\yii-1.1.22\framework\web\filters\CFilter.php(40): CFilterChain->run()
#3 C:\xampp7\htdocs\yii-1.1.22\framework\web\CController.php(1148): CFilter->filter(Object(CFilterChain))
#4 C:\xampp7\htdocs\yii-1.1.22\framework\web\filters\CInlineFilter.php(58): CController->filterAccessControl(Object(CFilterChain))
#5 C:\xampp7\htdocs\yii-1.1.22\framework\web\filters\CFilterChain.php(131): CInlineFilter->filter(Object(CFilterChain))
#6 C:\xampp7\htdocs\yii-1.1.22\framework\web\CController.php(291): CFilterChain->run()
#7 C:\xampp7\htdocs\yii-1.1.22\framework\web\CController.php(265): CController->runActionWithFilters(Object(CInlineAction), Array)
#8 C:\xampp7\htdocs\yii-1.1.22\framework\web\CWebApplication.php(282): CController->run('index')
#9 C:\xampp7\htdocs\yii-1.1.22\framework\web\CWebApplication.php(141): CWebApplication->runController('post/index/favi...')
#10 C:\xampp7\htdocs\yii-1.1.22\framework\base\CApplication.php(185): CWebApplication->processRequest()
#11 C:\xampp7\htdocs\blog\index.php(13): CApplication->run()
#12 {main}
REQUEST_URI=/blog/index.php/post/index/favicon.png
HTTP_REFERER=http://localhost/blog/index.php/post/index/0
---
2021/10/13 14:47:44 [error] [exception.CHttpException.400] CHttpException: Your request is invalid. in C:\xampp7\htdocs\yii-1.1.22\framework\web\CController.php:337
Stack trace:
#0 C:\xampp7\htdocs\yii-1.1.22\framework\web\CController.php(309): CController->invalidActionParams(Object(CInlineAction))
#1 C:\xampp7\htdocs\yii-1.1.22\framework\web\filters\CFilterChain.php(134): CController->runAction(Object(CInlineAction))
#2 C:\xampp7\htdocs\yii-1.1.22\framework\web\filters\CFilter.php(40): CFilterChain->run()
#3 C:\xampp7\htdocs\yii-1.1.22\framework\web\CController.php(1148): CFilter->filter(Object(CFilterChain))
#4 C:\xampp7\htdocs\yii-1.1.22\framework\web\filters\CInlineFilter.php(58): CController->filterAccessControl(Object(CFilterChain))
#5 C:\xampp7\htdocs\yii-1.1.22\framework\web\filters\CFilterChain.php(131): CInlineFilter->filter(Object(CFilterChain))
#6 C:\xampp7\htdocs\yii-1.1.22\framework\web\CController.php(291): CFilterChain->run()
#7 C:\xampp7\htdocs\yii-1.1.22\framework\web\CController.php(265): CController->runActionWithFilters(Object(CInlineAction), Array)
#8 C:\xampp7\htdocs\yii-1.1.22\framework\web\CWebApplication.php(282): CController->run('index')
#9 C:\xampp7\htdocs\yii-1.1.22\framework\web\CWebApplication.php(141): CWebApplication->runController('post/index/favi...')
#10 C:\xampp7\htdocs\yii-1.1.22\framework\base\CApplication.php(185): CWebApplication->processRequest()
#11 C:\xampp7\htdocs\blog\index.php(13): CApplication->run()
#12 {main}
REQUEST_URI=/blog/index.php/post/index/favicon.png
HTTP_REFERER=http://localhost/blog/index.php/post/index/0
---
2021/10/13 14:47:50 [error] [exception.CHttpException.400] CHttpException: Your request is invalid. in C:\xampp7\htdocs\yii-1.1.22\framework\web\CController.php:337
Stack trace:
#0 C:\xampp7\htdocs\yii-1.1.22\framework\web\CController.php(309): CController->invalidActionParams(Object(CInlineAction))
#1 C:\xampp7\htdocs\yii-1.1.22\framework\web\filters\CFilterChain.php(134): CController->runAction(Object(CInlineAction))
#2 C:\xampp7\htdocs\yii-1.1.22\framework\web\filters\CFilter.php(40): CFilterChain->run()
#3 C:\xampp7\htdocs\yii-1.1.22\framework\web\CController.php(1148): CFilter->filter(Object(CFilterChain))
#4 C:\xampp7\htdocs\yii-1.1.22\framework\web\filters\CInlineFilter.php(58): CController->filterAccessControl(Object(CFilterChain))
#5 C:\xampp7\htdocs\yii-1.1.22\framework\web\filters\CFilterChain.php(131): CInlineFilter->filter(Object(CFilterChain))
#6 C:\xampp7\htdocs\yii-1.1.22\framework\web\CController.php(291): CFilterChain->run()
#7 C:\xampp7\htdocs\yii-1.1.22\framework\web\CController.php(265): CController->runActionWithFilters(Object(CInlineAction), Array)
#8 C:\xampp7\htdocs\yii-1.1.22\framework\web\CWebApplication.php(282): CController->run('index')
#9 C:\xampp7\htdocs\yii-1.1.22\framework\web\CWebApplication.php(141): CWebApplication->runController('post/index/favi...')
#10 C:\xampp7\htdocs\yii-1.1.22\framework\base\CApplication.php(185): CWebApplication->processRequest()
#11 C:\xampp7\htdocs\blog\index.php(13): CApplication->run()
#12 {main}
REQUEST_URI=/blog/index.php/post/index/favicon.png
HTTP_REFERER=http://localhost/blog/index.php/post/index/0
---
2021/10/13 14:47:50 [error] [exception.CHttpException.400] CHttpException: Your request is invalid. in C:\xampp7\htdocs\yii-1.1.22\framework\web\CController.php:337
Stack trace:
#0 C:\xampp7\htdocs\yii-1.1.22\framework\web\CController.php(309): CController->invalidActionParams(Object(CInlineAction))
#1 C:\xampp7\htdocs\yii-1.1.22\framework\web\filters\CFilterChain.php(134): CController->runAction(Object(CInlineAction))
#2 C:\xampp7\htdocs\yii-1.1.22\framework\web\filters\CFilter.php(40): CFilterChain->run()
#3 C:\xampp7\htdocs\yii-1.1.22\framework\web\CController.php(1148): CFilter->filter(Object(CFilterChain))
#4 C:\xampp7\htdocs\yii-1.1.22\framework\web\filters\CInlineFilter.php(58): CController->filterAccessControl(Object(CFilterChain))
#5 C:\xampp7\htdocs\yii-1.1.22\framework\web\filters\CFilterChain.php(131): CInlineFilter->filter(Object(CFilterChain))
#6 C:\xampp7\htdocs\yii-1.1.22\framework\web\CController.php(291): CFilterChain->run()
#7 C:\xampp7\htdocs\yii-1.1.22\framework\web\CController.php(265): CController->runActionWithFilters(Object(CInlineAction), Array)
#8 C:\xampp7\htdocs\yii-1.1.22\framework\web\CWebApplication.php(282): CController->run('index')
#9 C:\xampp7\htdocs\yii-1.1.22\framework\web\CWebApplication.php(141): CWebApplication->runController('post/index/favi...')
#10 C:\xampp7\htdocs\yii-1.1.22\framework\base\CApplication.php(185): CWebApplication->processRequest()
#11 C:\xampp7\htdocs\blog\index.php(13): CApplication->run()
#12 {main}
REQUEST_URI=/blog/index.php/post/index/favicon.png
HTTP_REFERER=http://localhost/blog/index.php/post/index/0
---
2021/10/13 14:48:10 [error] [exception.CHttpException.400] CHttpException: Your request is invalid. in C:\xampp7\htdocs\yii-1.1.22\framework\web\CController.php:337
Stack trace:
#0 C:\xampp7\htdocs\yii-1.1.22\framework\web\CController.php(309): CController->invalidActionParams(Object(CInlineAction))
#1 C:\xampp7\htdocs\yii-1.1.22\framework\web\filters\CFilterChain.php(134): CController->runAction(Object(CInlineAction))
#2 C:\xampp7\htdocs\yii-1.1.22\framework\web\filters\CFilter.php(40): CFilterChain->run()
#3 C:\xampp7\htdocs\yii-1.1.22\framework\web\CController.php(1148): CFilter->filter(Object(CFilterChain))
#4 C:\xampp7\htdocs\yii-1.1.22\framework\web\filters\CInlineFilter.php(58): CController->filterAccessControl(Object(CFilterChain))
#5 C:\xampp7\htdocs\yii-1.1.22\framework\web\filters\CFilterChain.php(131): CInlineFilter->filter(Object(CFilterChain))
#6 C:\xampp7\htdocs\yii-1.1.22\framework\web\CController.php(291): CFilterChain->run()
#7 C:\xampp7\htdocs\yii-1.1.22\framework\web\CController.php(265): CController->runActionWithFilters(Object(CInlineAction), Array)
#8 C:\xampp7\htdocs\yii-1.1.22\framework\web\CWebApplication.php(282): CController->run('index')
#9 C:\xampp7\htdocs\yii-1.1.22\framework\web\CWebApplication.php(141): CWebApplication->runController('post/index/favi...')
#10 C:\xampp7\htdocs\yii-1.1.22\framework\base\CApplication.php(185): CWebApplication->processRequest()
#11 C:\xampp7\htdocs\blog\index.php(13): CApplication->run()
#12 {main}
REQUEST_URI=/blog/index.php/post/index/favicon.png
HTTP_REFERER=http://localhost/blog/index.php/post/index/0
---
2021/10/13 14:48:11 [error] [exception.CHttpException.400] CHttpException: Your request is invalid. in C:\xampp7\htdocs\yii-1.1.22\framework\web\CController.php:337
Stack trace:
#0 C:\xampp7\htdocs\yii-1.1.22\framework\web\CController.php(309): CController->invalidActionParams(Object(CInlineAction))
#1 C:\xampp7\htdocs\yii-1.1.22\framework\web\filters\CFilterChain.php(134): CController->runAction(Object(CInlineAction))
#2 C:\xampp7\htdocs\yii-1.1.22\framework\web\filters\CFilter.php(40): CFilterChain->run()
#3 C:\xampp7\htdocs\yii-1.1.22\framework\web\CController.php(1148): CFilter->filter(Object(CFilterChain))
#4 C:\xampp7\htdocs\yii-1.1.22\framework\web\filters\CInlineFilter.php(58): CController->filterAccessControl(Object(CFilterChain))
#5 C:\xampp7\htdocs\yii-1.1.22\framework\web\filters\CFilterChain.php(131): CInlineFilter->filter(Object(CFilterChain))
#6 C:\xampp7\htdocs\yii-1.1.22\framework\web\CController.php(291): CFilterChain->run()
#7 C:\xampp7\htdocs\yii-1.1.22\framework\web\CController.php(265): CController->runActionWithFilters(Object(CInlineAction), Array)
#8 C:\xampp7\htdocs\yii-1.1.22\framework\web\CWebApplication.php(282): CController->run('index')
#9 C:\xampp7\htdocs\yii-1.1.22\framework\web\CWebApplication.php(141): CWebApplication->runController('post/index/favi...')
#10 C:\xampp7\htdocs\yii-1.1.22\framework\base\CApplication.php(185): CWebApplication->processRequest()
#11 C:\xampp7\htdocs\blog\index.php(13): CApplication->run()
#12 {main}
REQUEST_URI=/blog/index.php/post/index/favicon.png
HTTP_REFERER=http://localhost/blog/index.php/post/index/0
---
2021/10/13 15:02:01 [error] [exception.CHttpException.400] CHttpException: Your request is invalid. in C:\xampp7\htdocs\yii-1.1.22\framework\web\CController.php:337
Stack trace:
#0 C:\xampp7\htdocs\yii-1.1.22\framework\web\CController.php(309): CController->invalidActionParams(Object(CInlineAction))
#1 C:\xampp7\htdocs\yii-1.1.22\framework\web\filters\CFilterChain.php(134): CController->runAction(Object(CInlineAction))
#2 C:\xampp7\htdocs\yii-1.1.22\framework\web\filters\CFilter.php(40): CFilterChain->run()
#3 C:\xampp7\htdocs\yii-1.1.22\framework\web\CController.php(1148): CFilter->filter(Object(CFilterChain))
#4 C:\xampp7\htdocs\yii-1.1.22\framework\web\filters\CInlineFilter.php(58): CController->filterAccessControl(Object(CFilterChain))
#5 C:\xampp7\htdocs\yii-1.1.22\framework\web\filters\CFilterChain.php(131): CInlineFilter->filter(Object(CFilterChain))
#6 C:\xampp7\htdocs\yii-1.1.22\framework\web\CController.php(291): CFilterChain->run()
#7 C:\xampp7\htdocs\yii-1.1.22\framework\web\CController.php(265): CController->runActionWithFilters(Object(CInlineAction), Array)
#8 C:\xampp7\htdocs\yii-1.1.22\framework\web\CWebApplication.php(282): CController->run('index')
#9 C:\xampp7\htdocs\yii-1.1.22\framework\web\CWebApplication.php(141): CWebApplication->runController('post/index/favi...')
#10 C:\xampp7\htdocs\yii-1.1.22\framework\base\CApplication.php(185): CWebApplication->processRequest()
#11 C:\xampp7\htdocs\blog\index.php(13): CApplication->run()
#12 {main}
REQUEST_URI=/blog/index.php/post/index/favicon.png
HTTP_REFERER=http://localhost/blog/index.php/post/index/0
---
2021/10/13 15:02:02 [error] [exception.CHttpException.400] CHttpException: Your request is invalid. in C:\xampp7\htdocs\yii-1.1.22\framework\web\CController.php:337
Stack trace:
#0 C:\xampp7\htdocs\yii-1.1.22\framework\web\CController.php(309): CController->invalidActionParams(Object(CInlineAction))
#1 C:\xampp7\htdocs\yii-1.1.22\framework\web\filters\CFilterChain.php(134): CController->runAction(Object(CInlineAction))
#2 C:\xampp7\htdocs\yii-1.1.22\framework\web\filters\CFilter.php(40): CFilterChain->run()
#3 C:\xampp7\htdocs\yii-1.1.22\framework\web\CController.php(1148): CFilter->filter(Object(CFilterChain))
#4 C:\xampp7\htdocs\yii-1.1.22\framework\web\filters\CInlineFilter.php(58): CController->filterAccessControl(Object(CFilterChain))
#5 C:\xampp7\htdocs\yii-1.1.22\framework\web\filters\CFilterChain.php(131): CInlineFilter->filter(Object(CFilterChain))
#6 C:\xampp7\htdocs\yii-1.1.22\framework\web\CController.php(291): CFilterChain->run()
#7 C:\xampp7\htdocs\yii-1.1.22\framework\web\CController.php(265): CController->runActionWithFilters(Object(CInlineAction), Array)
#8 C:\xampp7\htdocs\yii-1.1.22\framework\web\CWebApplication.php(282): CController->run('index')
#9 C:\xampp7\htdocs\yii-1.1.22\framework\web\CWebApplication.php(141): CWebApplication->runController('post/index/favi...')
#10 C:\xampp7\htdocs\yii-1.1.22\framework\base\CApplication.php(185): CWebApplication->processRequest()
#11 C:\xampp7\htdocs\blog\index.php(13): CApplication->run()
#12 {main}
REQUEST_URI=/blog/index.php/post/index/favicon.png
HTTP_REFERER=http://localhost/blog/index.php/post/index/0
---
2021/10/13 15:02:03 [error] [exception.CHttpException.400] CHttpException: Your request is invalid. in C:\xampp7\htdocs\yii-1.1.22\framework\web\CController.php:337
Stack trace:
#0 C:\xampp7\htdocs\yii-1.1.22\framework\web\CController.php(309): CController->invalidActionParams(Object(CInlineAction))
#1 C:\xampp7\htdocs\yii-1.1.22\framework\web\filters\CFilterChain.php(134): CController->runAction(Object(CInlineAction))
#2 C:\xampp7\htdocs\yii-1.1.22\framework\web\filters\CFilter.php(40): CFilterChain->run()
#3 C:\xampp7\htdocs\yii-1.1.22\framework\web\CController.php(1148): CFilter->filter(Object(CFilterChain))
#4 C:\xampp7\htdocs\yii-1.1.22\framework\web\filters\CInlineFilter.php(58): CController->filterAccessControl(Object(CFilterChain))
#5 C:\xampp7\htdocs\yii-1.1.22\framework\web\filters\CFilterChain.php(131): CInlineFilter->filter(Object(CFilterChain))
#6 C:\xampp7\htdocs\yii-1.1.22\framework\web\CController.php(291): CFilterChain->run()
#7 C:\xampp7\htdocs\yii-1.1.22\framework\web\CController.php(265): CController->runActionWithFilters(Object(CInlineAction), Array)
#8 C:\xampp7\htdocs\yii-1.1.22\framework\web\CWebApplication.php(282): CController->run('index')
#9 C:\xampp7\htdocs\yii-1.1.22\framework\web\CWebApplication.php(141): CWebApplication->runController('post/index/favi...')
#10 C:\xampp7\htdocs\yii-1.1.22\framework\base\CApplication.php(185): CWebApplication->processRequest()
#11 C:\xampp7\htdocs\blog\index.php(13): CApplication->run()
#12 {main}
REQUEST_URI=/blog/index.php/post/index/favicon.png
HTTP_REFERER=http://localhost/blog/index.php/post/index/0
---
2021/10/13 15:02:04 [error] [exception.CHttpException.400] CHttpException: Your request is invalid. in C:\xampp7\htdocs\yii-1.1.22\framework\web\CController.php:337
Stack trace:
#0 C:\xampp7\htdocs\yii-1.1.22\framework\web\CController.php(309): CController->invalidActionParams(Object(CInlineAction))
#1 C:\xampp7\htdocs\yii-1.1.22\framework\web\filters\CFilterChain.php(134): CController->runAction(Object(CInlineAction))
#2 C:\xampp7\htdocs\yii-1.1.22\framework\web\filters\CFilter.php(40): CFilterChain->run()
#3 C:\xampp7\htdocs\yii-1.1.22\framework\web\CController.php(1148): CFilter->filter(Object(CFilterChain))
#4 C:\xampp7\htdocs\yii-1.1.22\framework\web\filters\CInlineFilter.php(58): CController->filterAccessControl(Object(CFilterChain))
#5 C:\xampp7\htdocs\yii-1.1.22\framework\web\filters\CFilterChain.php(131): CInlineFilter->filter(Object(CFilterChain))
#6 C:\xampp7\htdocs\yii-1.1.22\framework\web\CController.php(291): CFilterChain->run()
#7 C:\xampp7\htdocs\yii-1.1.22\framework\web\CController.php(265): CController->runActionWithFilters(Object(CInlineAction), Array)
#8 C:\xampp7\htdocs\yii-1.1.22\framework\web\CWebApplication.php(282): CController->run('index')
#9 C:\xampp7\htdocs\yii-1.1.22\framework\web\CWebApplication.php(141): CWebApplication->runController('post/index/favi...')
#10 C:\xampp7\htdocs\yii-1.1.22\framework\base\CApplication.php(185): CWebApplication->processRequest()
#11 C:\xampp7\htdocs\blog\index.php(13): CApplication->run()
#12 {main}
REQUEST_URI=/blog/index.php/post/index/favicon.png
HTTP_REFERER=http://localhost/blog/index.php/post/index/0
---
2021/10/13 15:02:06 [error] [exception.CHttpException.400] CHttpException: Your request is invalid. in C:\xampp7\htdocs\yii-1.1.22\framework\web\CController.php:337
Stack trace:
#0 C:\xampp7\htdocs\yii-1.1.22\framework\web\CController.php(309): CController->invalidActionParams(Object(CInlineAction))
#1 C:\xampp7\htdocs\yii-1.1.22\framework\web\filters\CFilterChain.php(134): CController->runAction(Object(CInlineAction))
#2 C:\xampp7\htdocs\yii-1.1.22\framework\web\filters\CFilter.php(40): CFilterChain->run()
#3 C:\xampp7\htdocs\yii-1.1.22\framework\web\CController.php(1148): CFilter->filter(Object(CFilterChain))
#4 C:\xampp7\htdocs\yii-1.1.22\framework\web\filters\CInlineFilter.php(58): CController->filterAccessControl(Object(CFilterChain))
#5 C:\xampp7\htdocs\yii-1.1.22\framework\web\filters\CFilterChain.php(131): CInlineFilter->filter(Object(CFilterChain))
#6 C:\xampp7\htdocs\yii-1.1.22\framework\web\CController.php(291): CFilterChain->run()
#7 C:\xampp7\htdocs\yii-1.1.22\framework\web\CController.php(265): CController->runActionWithFilters(Object(CInlineAction), Array)
#8 C:\xampp7\htdocs\yii-1.1.22\framework\web\CWebApplication.php(282): CController->run('index')
#9 C:\xampp7\htdocs\yii-1.1.22\framework\web\CWebApplication.php(141): CWebApplication->runController('post/index/favi...')
#10 C:\xampp7\htdocs\yii-1.1.22\framework\base\CApplication.php(185): CWebApplication->processRequest()
#11 C:\xampp7\htdocs\blog\index.php(13): CApplication->run()
#12 {main}
REQUEST_URI=/blog/index.php/post/index/favicon.png
HTTP_REFERER=http://localhost/blog/index.php/post/index/0
---
2021/10/13 15:02:07 [error] [exception.CHttpException.400] CHttpException: Your request is invalid. in C:\xampp7\htdocs\yii-1.1.22\framework\web\CController.php:337
Stack trace:
#0 C:\xampp7\htdocs\yii-1.1.22\framework\web\CController.php(309): CController->invalidActionParams(Object(CInlineAction))
#1 C:\xampp7\htdocs\yii-1.1.22\framework\web\filters\CFilterChain.php(134): CController->runAction(Object(CInlineAction))
#2 C:\xampp7\htdocs\yii-1.1.22\framework\web\filters\CFilter.php(40): CFilterChain->run()
#3 C:\xampp7\htdocs\yii-1.1.22\framework\web\CController.php(1148): CFilter->filter(Object(CFilterChain))
#4 C:\xampp7\htdocs\yii-1.1.22\framework\web\filters\CInlineFilter.php(58): CController->filterAccessControl(Object(CFilterChain))
#5 C:\xampp7\htdocs\yii-1.1.22\framework\web\filters\CFilterChain.php(131): CInlineFilter->filter(Object(CFilterChain))
#6 C:\xampp7\htdocs\yii-1.1.22\framework\web\CController.php(291): CFilterChain->run()
#7 C:\xampp7\htdocs\yii-1.1.22\framework\web\CController.php(265): CController->runActionWithFilters(Object(CInlineAction), Array)
#8 C:\xampp7\htdocs\yii-1.1.22\framework\web\CWebApplication.php(282): CController->run('index')
#9 C:\xampp7\htdocs\yii-1.1.22\framework\web\CWebApplication.php(141): CWebApplication->runController('post/index/favi...')
#10 C:\xampp7\htdocs\yii-1.1.22\framework\base\CApplication.php(185): CWebApplication->processRequest()
#11 C:\xampp7\htdocs\blog\index.php(13): CApplication->run()
#12 {main}
REQUEST_URI=/blog/index.php/post/index/favicon.png
HTTP_REFERER=http://localhost/blog/index.php/post/index/0
---
2021/10/13 15:02:17 [error] [exception.CHttpException.400] CHttpException: Your request is invalid. in C:\xampp7\htdocs\yii-1.1.22\framework\web\CController.php:337
Stack trace:
#0 C:\xampp7\htdocs\yii-1.1.22\framework\web\CController.php(309): CController->invalidActionParams(Object(CInlineAction))
#1 C:\xampp7\htdocs\yii-1.1.22\framework\web\filters\CFilterChain.php(134): CController->runAction(Object(CInlineAction))
#2 C:\xampp7\htdocs\yii-1.1.22\framework\web\filters\CFilter.php(40): CFilterChain->run()
#3 C:\xampp7\htdocs\yii-1.1.22\framework\web\CController.php(1148): CFilter->filter(Object(CFilterChain))
#4 C:\xampp7\htdocs\yii-1.1.22\framework\web\filters\CInlineFilter.php(58): CController->filterAccessControl(Object(CFilterChain))
#5 C:\xampp7\htdocs\yii-1.1.22\framework\web\filters\CFilterChain.php(131): CInlineFilter->filter(Object(CFilterChain))
#6 C:\xampp7\htdocs\yii-1.1.22\framework\web\CController.php(291): CFilterChain->run()
#7 C:\xampp7\htdocs\yii-1.1.22\framework\web\CController.php(265): CController->runActionWithFilters(Object(CInlineAction), Array)
#8 C:\xampp7\htdocs\yii-1.1.22\framework\web\CWebApplication.php(282): CController->run('index')
#9 C:\xampp7\htdocs\yii-1.1.22\framework\web\CWebApplication.php(141): CWebApplication->runController('post/index/favi...')
#10 C:\xampp7\htdocs\yii-1.1.22\framework\base\CApplication.php(185): CWebApplication->processRequest()
#11 C:\xampp7\htdocs\blog\index.php(13): CApplication->run()
#12 {main}
REQUEST_URI=/blog/index.php/post/index/favicon.png
HTTP_REFERER=http://localhost/blog/index.php/post/index/5
---
2021/10/13 15:02:18 [error] [exception.CHttpException.400] CHttpException: Your request is invalid. in C:\xampp7\htdocs\yii-1.1.22\framework\web\CController.php:337
Stack trace:
#0 C:\xampp7\htdocs\yii-1.1.22\framework\web\CController.php(309): CController->invalidActionParams(Object(CInlineAction))
#1 C:\xampp7\htdocs\yii-1.1.22\framework\web\filters\CFilterChain.php(134): CController->runAction(Object(CInlineAction))
#2 C:\xampp7\htdocs\yii-1.1.22\framework\web\filters\CFilter.php(40): CFilterChain->run()
#3 C:\xampp7\htdocs\yii-1.1.22\framework\web\CController.php(1148): CFilter->filter(Object(CFilterChain))
#4 C:\xampp7\htdocs\yii-1.1.22\framework\web\filters\CInlineFilter.php(58): CController->filterAccessControl(Object(CFilterChain))
#5 C:\xampp7\htdocs\yii-1.1.22\framework\web\filters\CFilterChain.php(131): CInlineFilter->filter(Object(CFilterChain))
#6 C:\xampp7\htdocs\yii-1.1.22\framework\web\CController.php(291): CFilterChain->run()
#7 C:\xampp7\htdocs\yii-1.1.22\framework\web\CController.php(265): CController->runActionWithFilters(Object(CInlineAction), Array)
#8 C:\xampp7\htdocs\yii-1.1.22\framework\web\CWebApplication.php(282): CController->run('index')
#9 C:\xampp7\htdocs\yii-1.1.22\framework\web\CWebApplication.php(141): CWebApplication->runController('post/index/favi...')
#10 C:\xampp7\htdocs\yii-1.1.22\framework\base\CApplication.php(185): CWebApplication->processRequest()
#11 C:\xampp7\htdocs\blog\index.php(13): CApplication->run()
#12 {main}
REQUEST_URI=/blog/index.php/post/index/favicon.png
HTTP_REFERER=http://localhost/blog/index.php/post/index/5
---
2021/10/13 15:02:22 [error] [exception.CHttpException.400] CHttpException: Your request is invalid. in C:\xampp7\htdocs\yii-1.1.22\framework\web\CController.php:337
Stack trace:
#0 C:\xampp7\htdocs\yii-1.1.22\framework\web\CController.php(309): CController->invalidActionParams(Object(CInlineAction))
#1 C:\xampp7\htdocs\yii-1.1.22\framework\web\filters\CFilterChain.php(134): CController->runAction(Object(CInlineAction))
#2 C:\xampp7\htdocs\yii-1.1.22\framework\web\filters\CFilter.php(40): CFilterChain->run()
#3 C:\xampp7\htdocs\yii-1.1.22\framework\web\CController.php(1148): CFilter->filter(Object(CFilterChain))
#4 C:\xampp7\htdocs\yii-1.1.22\framework\web\filters\CInlineFilter.php(58): CController->filterAccessControl(Object(CFilterChain))
#5 C:\xampp7\htdocs\yii-1.1.22\framework\web\filters\CFilterChain.php(131): CInlineFilter->filter(Object(CFilterChain))
#6 C:\xampp7\htdocs\yii-1.1.22\framework\web\CController.php(291): CFilterChain->run()
#7 C:\xampp7\htdocs\yii-1.1.22\framework\web\CController.php(265): CController->runActionWithFilters(Object(CInlineAction), Array)
#8 C:\xampp7\htdocs\yii-1.1.22\framework\web\CWebApplication.php(282): CController->run('index')
#9 C:\xampp7\htdocs\yii-1.1.22\framework\web\CWebApplication.php(141): CWebApplication->runController('post/index/favi...')
#10 C:\xampp7\htdocs\yii-1.1.22\framework\base\CApplication.php(185): CWebApplication->processRequest()
#11 C:\xampp7\htdocs\blog\index.php(13): CApplication->run()
#12 {main}
REQUEST_URI=/blog/index.php/post/index/favicon.png
HTTP_REFERER=http://localhost/blog/index.php/post/index/0
---
2021/10/13 15:02:23 [error] [exception.CHttpException.400] CHttpException: Your request is invalid. in C:\xampp7\htdocs\yii-1.1.22\framework\web\CController.php:337
Stack trace:
#0 C:\xampp7\htdocs\yii-1.1.22\framework\web\CController.php(309): CController->invalidActionParams(Object(CInlineAction))
#1 C:\xampp7\htdocs\yii-1.1.22\framework\web\filters\CFilterChain.php(134): CController->runAction(Object(CInlineAction))
#2 C:\xampp7\htdocs\yii-1.1.22\framework\web\filters\CFilter.php(40): CFilterChain->run()
#3 C:\xampp7\htdocs\yii-1.1.22\framework\web\CController.php(1148): CFilter->filter(Object(CFilterChain))
#4 C:\xampp7\htdocs\yii-1.1.22\framework\web\filters\CInlineFilter.php(58): CController->filterAccessControl(Object(CFilterChain))
#5 C:\xampp7\htdocs\yii-1.1.22\framework\web\filters\CFilterChain.php(131): CInlineFilter->filter(Object(CFilterChain))
#6 C:\xampp7\htdocs\yii-1.1.22\framework\web\CController.php(291): CFilterChain->run()
#7 C:\xampp7\htdocs\yii-1.1.22\framework\web\CController.php(265): CController->runActionWithFilters(Object(CInlineAction), Array)
#8 C:\xampp7\htdocs\yii-1.1.22\framework\web\CWebApplication.php(282): CController->run('index')
#9 C:\xampp7\htdocs\yii-1.1.22\framework\web\CWebApplication.php(141): CWebApplication->runController('post/index/favi...')
#10 C:\xampp7\htdocs\yii-1.1.22\framework\base\CApplication.php(185): CWebApplication->processRequest()
#11 C:\xampp7\htdocs\blog\index.php(13): CApplication->run()
#12 {main}
REQUEST_URI=/blog/index.php/post/index/favicon.png
HTTP_REFERER=http://localhost/blog/index.php/post/index/0
---
2021/10/13 15:08:55 [error] [exception.CHttpException.400] CHttpException: Your request is invalid. in C:\xampp7\htdocs\yii-1.1.22\framework\web\CController.php:337
Stack trace:
#0 C:\xampp7\htdocs\yii-1.1.22\framework\web\CController.php(309): CController->invalidActionParams(Object(CInlineAction))
#1 C:\xampp7\htdocs\yii-1.1.22\framework\web\filters\CFilterChain.php(134): CController->runAction(Object(CInlineAction))
#2 C:\xampp7\htdocs\yii-1.1.22\framework\web\filters\CFilter.php(40): CFilterChain->run()
#3 C:\xampp7\htdocs\yii-1.1.22\framework\web\CController.php(1148): CFilter->filter(Object(CFilterChain))
#4 C:\xampp7\htdocs\yii-1.1.22\framework\web\filters\CInlineFilter.php(58): CController->filterAccessControl(Object(CFilterChain))
#5 C:\xampp7\htdocs\yii-1.1.22\framework\web\filters\CFilterChain.php(131): CInlineFilter->filter(Object(CFilterChain))
#6 C:\xampp7\htdocs\yii-1.1.22\framework\web\CController.php(291): CFilterChain->run()
#7 C:\xampp7\htdocs\yii-1.1.22\framework\web\CController.php(265): CController->runActionWithFilters(Object(CInlineAction), Array)
#8 C:\xampp7\htdocs\yii-1.1.22\framework\web\CWebApplication.php(282): CController->run('index')
#9 C:\xampp7\htdocs\yii-1.1.22\framework\web\CWebApplication.php(141): CWebApplication->runController('post/index/favi...')
#10 C:\xampp7\htdocs\yii-1.1.22\framework\base\CApplication.php(185): CWebApplication->processRequest()
#11 C:\xampp7\htdocs\blog\index.php(13): CApplication->run()
#12 {main}
REQUEST_URI=/blog/index.php/post/index/favicon.png
HTTP_REFERER=http://localhost/blog/index.php/post/index/0
---
2021/10/13 15:08:55 [error] [exception.CHttpException.400] CHttpException: Your request is invalid. in C:\xampp7\htdocs\yii-1.1.22\framework\web\CController.php:337
Stack trace:
#0 C:\xampp7\htdocs\yii-1.1.22\framework\web\CController.php(309): CController->invalidActionParams(Object(CInlineAction))
#1 C:\xampp7\htdocs\yii-1.1.22\framework\web\filters\CFilterChain.php(134): CController->runAction(Object(CInlineAction))
#2 C:\xampp7\htdocs\yii-1.1.22\framework\web\filters\CFilter.php(40): CFilterChain->run()
#3 C:\xampp7\htdocs\yii-1.1.22\framework\web\CController.php(1148): CFilter->filter(Object(CFilterChain))
#4 C:\xampp7\htdocs\yii-1.1.22\framework\web\filters\CInlineFilter.php(58): CController->filterAccessControl(Object(CFilterChain))
#5 C:\xampp7\htdocs\yii-1.1.22\framework\web\filters\CFilterChain.php(131): CInlineFilter->filter(Object(CFilterChain))
#6 C:\xampp7\htdocs\yii-1.1.22\framework\web\CController.php(291): CFilterChain->run()
#7 C:\xampp7\htdocs\yii-1.1.22\framework\web\CController.php(265): CController->runActionWithFilters(Object(CInlineAction), Array)
#8 C:\xampp7\htdocs\yii-1.1.22\framework\web\CWebApplication.php(282): CController->run('index')
#9 C:\xampp7\htdocs\yii-1.1.22\framework\web\CWebApplication.php(141): CWebApplication->runController('post/index/favi...')
#10 C:\xampp7\htdocs\yii-1.1.22\framework\base\CApplication.php(185): CWebApplication->processRequest()
#11 C:\xampp7\htdocs\blog\index.php(13): CApplication->run()
#12 {main}
REQUEST_URI=/blog/index.php/post/index/favicon.png
HTTP_REFERER=http://localhost/blog/index.php/post/index/0
---
2021/10/13 15:09:25 [error] [exception.CHttpException.400] CHttpException: Your request is invalid. in C:\xampp7\htdocs\yii-1.1.22\framework\web\CController.php:337
Stack trace:
#0 C:\xampp7\htdocs\yii-1.1.22\framework\web\CController.php(309): CController->invalidActionParams(Object(CInlineAction))
#1 C:\xampp7\htdocs\yii-1.1.22\framework\web\filters\CFilterChain.php(134): CController->runAction(Object(CInlineAction))
#2 C:\xampp7\htdocs\yii-1.1.22\framework\web\filters\CFilter.php(40): CFilterChain->run()
#3 C:\xampp7\htdocs\yii-1.1.22\framework\web\CController.php(1148): CFilter->filter(Object(CFilterChain))
#4 C:\xampp7\htdocs\yii-1.1.22\framework\web\filters\CInlineFilter.php(58): CController->filterAccessControl(Object(CFilterChain))
#5 C:\xampp7\htdocs\yii-1.1.22\framework\web\filters\CFilterChain.php(131): CInlineFilter->filter(Object(CFilterChain))
#6 C:\xampp7\htdocs\yii-1.1.22\framework\web\CController.php(291): CFilterChain->run()
#7 C:\xampp7\htdocs\yii-1.1.22\framework\web\CController.php(265): CController->runActionWithFilters(Object(CInlineAction), Array)
#8 C:\xampp7\htdocs\yii-1.1.22\framework\web\CWebApplication.php(282): CController->run('index')
#9 C:\xampp7\htdocs\yii-1.1.22\framework\web\CWebApplication.php(141): CWebApplication->runController('post/index/favi...')
#10 C:\xampp7\htdocs\yii-1.1.22\framework\base\CApplication.php(185): CWebApplication->processRequest()
#11 C:\xampp7\htdocs\blog\index.php(13): CApplication->run()
#12 {main}
REQUEST_URI=/blog/index.php/post/index/favicon.png
HTTP_REFERER=http://localhost/blog/index.php/post/index/0
---
2021/10/13 15:09:25 [error] [exception.CHttpException.400] CHttpException: Your request is invalid. in C:\xampp7\htdocs\yii-1.1.22\framework\web\CController.php:337
Stack trace:
#0 C:\xampp7\htdocs\yii-1.1.22\framework\web\CController.php(309): CController->invalidActionParams(Object(CInlineAction))
#1 C:\xampp7\htdocs\yii-1.1.22\framework\web\filters\CFilterChain.php(134): CController->runAction(Object(CInlineAction))
#2 C:\xampp7\htdocs\yii-1.1.22\framework\web\filters\CFilter.php(40): CFilterChain->run()
#3 C:\xampp7\htdocs\yii-1.1.22\framework\web\CController.php(1148): CFilter->filter(Object(CFilterChain))
#4 C:\xampp7\htdocs\yii-1.1.22\framework\web\filters\CInlineFilter.php(58): CController->filterAccessControl(Object(CFilterChain))
#5 C:\xampp7\htdocs\yii-1.1.22\framework\web\filters\CFilterChain.php(131): CInlineFilter->filter(Object(CFilterChain))
#6 C:\xampp7\htdocs\yii-1.1.22\framework\web\CController.php(291): CFilterChain->run()
#7 C:\xampp7\htdocs\yii-1.1.22\framework\web\CController.php(265): CController->runActionWithFilters(Object(CInlineAction), Array)
#8 C:\xampp7\htdocs\yii-1.1.22\framework\web\CWebApplication.php(282): CController->run('index')
#9 C:\xampp7\htdocs\yii-1.1.22\framework\web\CWebApplication.php(141): CWebApplication->runController('post/index/favi...')
#10 C:\xampp7\htdocs\yii-1.1.22\framework\base\CApplication.php(185): CWebApplication->processRequest()
#11 C:\xampp7\htdocs\blog\index.php(13): CApplication->run()
#12 {main}
REQUEST_URI=/blog/index.php/post/index/favicon.png
HTTP_REFERER=http://localhost/blog/index.php/post/index/0
---
2021/10/13 15:09:32 [error] [exception.CHttpException.400] CHttpException: Your request is invalid. in C:\xampp7\htdocs\yii-1.1.22\framework\web\CController.php:337
Stack trace:
#0 C:\xampp7\htdocs\yii-1.1.22\framework\web\CController.php(309): CController->invalidActionParams(Object(CInlineAction))
#1 C:\xampp7\htdocs\yii-1.1.22\framework\web\filters\CFilterChain.php(134): CController->runAction(Object(CInlineAction))
#2 C:\xampp7\htdocs\yii-1.1.22\framework\web\filters\CFilter.php(40): CFilterChain->run()
#3 C:\xampp7\htdocs\yii-1.1.22\framework\web\CController.php(1148): CFilter->filter(Object(CFilterChain))
#4 C:\xampp7\htdocs\yii-1.1.22\framework\web\filters\CInlineFilter.php(58): CController->filterAccessControl(Object(CFilterChain))
#5 C:\xampp7\htdocs\yii-1.1.22\framework\web\filters\CFilterChain.php(131): CInlineFilter->filter(Object(CFilterChain))
#6 C:\xampp7\htdocs\yii-1.1.22\framework\web\CController.php(291): CFilterChain->run()
#7 C:\xampp7\htdocs\yii-1.1.22\framework\web\CController.php(265): CController->runActionWithFilters(Object(CInlineAction), Array)
#8 C:\xampp7\htdocs\yii-1.1.22\framework\web\CWebApplication.php(282): CController->run('index')
#9 C:\xampp7\htdocs\yii-1.1.22\framework\web\CWebApplication.php(141): CWebApplication->runController('post/index/favi...')
#10 C:\xampp7\htdocs\yii-1.1.22\framework\base\CApplication.php(185): CWebApplication->processRequest()
#11 C:\xampp7\htdocs\blog\index.php(13): CApplication->run()
#12 {main}
REQUEST_URI=/blog/index.php/post/index/favicon.png
HTTP_REFERER=http://localhost/blog/index.php/post/index/0
---
2021/10/13 15:09:32 [error] [exception.CHttpException.400] CHttpException: Your request is invalid. in C:\xampp7\htdocs\yii-1.1.22\framework\web\CController.php:337
Stack trace:
#0 C:\xampp7\htdocs\yii-1.1.22\framework\web\CController.php(309): CController->invalidActionParams(Object(CInlineAction))
#1 C:\xampp7\htdocs\yii-1.1.22\framework\web\filters\CFilterChain.php(134): CController->runAction(Object(CInlineAction))
#2 C:\xampp7\htdocs\yii-1.1.22\framework\web\filters\CFilter.php(40): CFilterChain->run()
#3 C:\xampp7\htdocs\yii-1.1.22\framework\web\CController.php(1148): CFilter->filter(Object(CFilterChain))
#4 C:\xampp7\htdocs\yii-1.1.22\framework\web\filters\CInlineFilter.php(58): CController->filterAccessControl(Object(CFilterChain))
#5 C:\xampp7\htdocs\yii-1.1.22\framework\web\filters\CFilterChain.php(131): CInlineFilter->filter(Object(CFilterChain))
#6 C:\xampp7\htdocs\yii-1.1.22\framework\web\CController.php(291): CFilterChain->run()
#7 C:\xampp7\htdocs\yii-1.1.22\framework\web\CController.php(265): CController->runActionWithFilters(Object(CInlineAction), Array)
#8 C:\xampp7\htdocs\yii-1.1.22\framework\web\CWebApplication.php(282): CController->run('index')
#9 C:\xampp7\htdocs\yii-1.1.22\framework\web\CWebApplication.php(141): CWebApplication->runController('post/index/favi...')
#10 C:\xampp7\htdocs\yii-1.1.22\framework\base\CApplication.php(185): CWebApplication->processRequest()
#11 C:\xampp7\htdocs\blog\index.php(13): CApplication->run()
#12 {main}
REQUEST_URI=/blog/index.php/post/index/favicon.png
HTTP_REFERER=http://localhost/blog/index.php/post/index/0
---
2021/10/13 15:10:22 [error] [exception.CHttpException.400] CHttpException: Your request is invalid. in C:\xampp7\htdocs\yii-1.1.22\framework\web\CController.php:337
Stack trace:
#0 C:\xampp7\htdocs\yii-1.1.22\framework\web\CController.php(309): CController->invalidActionParams(Object(CInlineAction))
#1 C:\xampp7\htdocs\yii-1.1.22\framework\web\filters\CFilterChain.php(134): CController->runAction(Object(CInlineAction))
#2 C:\xampp7\htdocs\yii-1.1.22\framework\web\filters\CFilter.php(40): CFilterChain->run()
#3 C:\xampp7\htdocs\yii-1.1.22\framework\web\CController.php(1148): CFilter->filter(Object(CFilterChain))
#4 C:\xampp7\htdocs\yii-1.1.22\framework\web\filters\CInlineFilter.php(58): CController->filterAccessControl(Object(CFilterChain))
#5 C:\xampp7\htdocs\yii-1.1.22\framework\web\filters\CFilterChain.php(131): CInlineFilter->filter(Object(CFilterChain))
#6 C:\xampp7\htdocs\yii-1.1.22\framework\web\CController.php(291): CFilterChain->run()
#7 C:\xampp7\htdocs\yii-1.1.22\framework\web\CController.php(265): CController->runActionWithFilters(Object(CInlineAction), Array)
#8 C:\xampp7\htdocs\yii-1.1.22\framework\web\CWebApplication.php(282): CController->run('index')
#9 C:\xampp7\htdocs\yii-1.1.22\framework\web\CWebApplication.php(141): CWebApplication->runController('post/index/favi...')
#10 C:\xampp7\htdocs\yii-1.1.22\framework\base\CApplication.php(185): CWebApplication->processRequest()
#11 C:\xampp7\htdocs\blog\index.php(13): CApplication->run()
#12 {main}
REQUEST_URI=/blog/index.php/post/index/favicon.png
HTTP_REFERER=http://localhost/blog/index.php/post/index/0
---
2021/10/13 15:10:23 [error] [exception.CHttpException.400] CHttpException: Your request is invalid. in C:\xampp7\htdocs\yii-1.1.22\framework\web\CController.php:337
Stack trace:
#0 C:\xampp7\htdocs\yii-1.1.22\framework\web\CController.php(309): CController->invalidActionParams(Object(CInlineAction))
#1 C:\xampp7\htdocs\yii-1.1.22\framework\web\filters\CFilterChain.php(134): CController->runAction(Object(CInlineAction))
#2 C:\xampp7\htdocs\yii-1.1.22\framework\web\filters\CFilter.php(40): CFilterChain->run()
#3 C:\xampp7\htdocs\yii-1.1.22\framework\web\CController.php(1148): CFilter->filter(Object(CFilterChain))
#4 C:\xampp7\htdocs\yii-1.1.22\framework\web\filters\CInlineFilter.php(58): CController->filterAccessControl(Object(CFilterChain))
#5 C:\xampp7\htdocs\yii-1.1.22\framework\web\filters\CFilterChain.php(131): CInlineFilter->filter(Object(CFilterChain))
#6 C:\xampp7\htdocs\yii-1.1.22\framework\web\CController.php(291): CFilterChain->run()
#7 C:\xampp7\htdocs\yii-1.1.22\framework\web\CController.php(265): CController->runActionWithFilters(Object(CInlineAction), Array)
#8 C:\xampp7\htdocs\yii-1.1.22\framework\web\CWebApplication.php(282): CController->run('index')
#9 C:\xampp7\htdocs\yii-1.1.22\framework\web\CWebApplication.php(141): CWebApplication->runController('post/index/favi...')
#10 C:\xampp7\htdocs\yii-1.1.22\framework\base\CApplication.php(185): CWebApplication->processRequest()
#11 C:\xampp7\htdocs\blog\index.php(13): CApplication->run()
#12 {main}
REQUEST_URI=/blog/index.php/post/index/favicon.png
HTTP_REFERER=http://localhost/blog/index.php/post/index/0
---
2021/10/13 15:10:54 [error] [exception.CHttpException.400] CHttpException: Your request is invalid. in C:\xampp7\htdocs\yii-1.1.22\framework\web\CController.php:337
Stack trace:
#0 C:\xampp7\htdocs\yii-1.1.22\framework\web\CController.php(309): CController->invalidActionParams(Object(CInlineAction))
#1 C:\xampp7\htdocs\yii-1.1.22\framework\web\filters\CFilterChain.php(134): CController->runAction(Object(CInlineAction))
#2 C:\xampp7\htdocs\yii-1.1.22\framework\web\filters\CFilter.php(40): CFilterChain->run()
#3 C:\xampp7\htdocs\yii-1.1.22\framework\web\CController.php(1148): CFilter->filter(Object(CFilterChain))
#4 C:\xampp7\htdocs\yii-1.1.22\framework\web\filters\CInlineFilter.php(58): CController->filterAccessControl(Object(CFilterChain))
#5 C:\xampp7\htdocs\yii-1.1.22\framework\web\filters\CFilterChain.php(131): CInlineFilter->filter(Object(CFilterChain))
#6 C:\xampp7\htdocs\yii-1.1.22\framework\web\CController.php(291): CFilterChain->run()
#7 C:\xampp7\htdocs\yii-1.1.22\framework\web\CController.php(265): CController->runActionWithFilters(Object(CInlineAction), Array)
#8 C:\xampp7\htdocs\yii-1.1.22\framework\web\CWebApplication.php(282): CController->run('index')
#9 C:\xampp7\htdocs\yii-1.1.22\framework\web\CWebApplication.php(141): CWebApplication->runController('post/index/favi...')
#10 C:\xampp7\htdocs\yii-1.1.22\framework\base\CApplication.php(185): CWebApplication->processRequest()
#11 C:\xampp7\htdocs\blog\index.php(13): CApplication->run()
#12 {main}
REQUEST_URI=/blog/index.php/post/index/favicon.png
HTTP_REFERER=http://localhost/blog/index.php/post/index/0
---
2021/10/13 15:10:55 [error] [exception.CHttpException.400] CHttpException: Your request is invalid. in C:\xampp7\htdocs\yii-1.1.22\framework\web\CController.php:337
Stack trace:
#0 C:\xampp7\htdocs\yii-1.1.22\framework\web\CController.php(309): CController->invalidActionParams(Object(CInlineAction))
#1 C:\xampp7\htdocs\yii-1.1.22\framework\web\filters\CFilterChain.php(134): CController->runAction(Object(CInlineAction))
#2 C:\xampp7\htdocs\yii-1.1.22\framework\web\filters\CFilter.php(40): CFilterChain->run()
#3 C:\xampp7\htdocs\yii-1.1.22\framework\web\CController.php(1148): CFilter->filter(Object(CFilterChain))
#4 C:\xampp7\htdocs\yii-1.1.22\framework\web\filters\CInlineFilter.php(58): CController->filterAccessControl(Object(CFilterChain))
#5 C:\xampp7\htdocs\yii-1.1.22\framework\web\filters\CFilterChain.php(131): CInlineFilter->filter(Object(CFilterChain))
#6 C:\xampp7\htdocs\yii-1.1.22\framework\web\CController.php(291): CFilterChain->run()
#7 C:\xampp7\htdocs\yii-1.1.22\framework\web\CController.php(265): CController->runActionWithFilters(Object(CInlineAction), Array)
#8 C:\xampp7\htdocs\yii-1.1.22\framework\web\CWebApplication.php(282): CController->run('index')
#9 C:\xampp7\htdocs\yii-1.1.22\framework\web\CWebApplication.php(141): CWebApplication->runController('post/index/favi...')
#10 C:\xampp7\htdocs\yii-1.1.22\framework\base\CApplication.php(185): CWebApplication->processRequest()
#11 C:\xampp7\htdocs\blog\index.php(13): CApplication->run()
#12 {main}
REQUEST_URI=/blog/index.php/post/index/favicon.png
HTTP_REFERER=http://localhost/blog/index.php/post/index/0
---
2021/10/13 15:11:16 [error] [exception.CHttpException.400] CHttpException: Your request is invalid. in C:\xampp7\htdocs\yii-1.1.22\framework\web\CController.php:337
Stack trace:
#0 C:\xampp7\htdocs\yii-1.1.22\framework\web\CController.php(309): CController->invalidActionParams(Object(CInlineAction))
#1 C:\xampp7\htdocs\yii-1.1.22\framework\web\filters\CFilterChain.php(134): CController->runAction(Object(CInlineAction))
#2 C:\xampp7\htdocs\yii-1.1.22\framework\web\filters\CFilter.php(40): CFilterChain->run()
#3 C:\xampp7\htdocs\yii-1.1.22\framework\web\CController.php(1148): CFilter->filter(Object(CFilterChain))
#4 C:\xampp7\htdocs\yii-1.1.22\framework\web\filters\CInlineFilter.php(58): CController->filterAccessControl(Object(CFilterChain))
#5 C:\xampp7\htdocs\yii-1.1.22\framework\web\filters\CFilterChain.php(131): CInlineFilter->filter(Object(CFilterChain))
#6 C:\xampp7\htdocs\yii-1.1.22\framework\web\CController.php(291): CFilterChain->run()
#7 C:\xampp7\htdocs\yii-1.1.22\framework\web\CController.php(265): CController->runActionWithFilters(Object(CInlineAction), Array)
#8 C:\xampp7\htdocs\yii-1.1.22\framework\web\CWebApplication.php(282): CController->run('create')
#9 C:\xampp7\htdocs\yii-1.1.22\framework\web\CWebApplication.php(141): CWebApplication->runController('comentario/crea...')
#10 C:\xampp7\htdocs\yii-1.1.22\framework\base\CApplication.php(185): CWebApplication->processRequest()
#11 C:\xampp7\htdocs\blog\index.php(13): CApplication->run()
#12 {main}
REQUEST_URI=/blog/index.php/comentario/create/favicon.png
HTTP_REFERER=http://localhost/blog/index.php/comentario/create/8?
---
2021/10/13 15:11:17 [error] [exception.CHttpException.400] CHttpException: Your request is invalid. in C:\xampp7\htdocs\yii-1.1.22\framework\web\CController.php:337
Stack trace:
#0 C:\xampp7\htdocs\yii-1.1.22\framework\web\CController.php(309): CController->invalidActionParams(Object(CInlineAction))
#1 C:\xampp7\htdocs\yii-1.1.22\framework\web\filters\CFilterChain.php(134): CController->runAction(Object(CInlineAction))
#2 C:\xampp7\htdocs\yii-1.1.22\framework\web\filters\CFilter.php(40): CFilterChain->run()
#3 C:\xampp7\htdocs\yii-1.1.22\framework\web\CController.php(1148): CFilter->filter(Object(CFilterChain))
#4 C:\xampp7\htdocs\yii-1.1.22\framework\web\filters\CInlineFilter.php(58): CController->filterAccessControl(Object(CFilterChain))
#5 C:\xampp7\htdocs\yii-1.1.22\framework\web\filters\CFilterChain.php(131): CInlineFilter->filter(Object(CFilterChain))
#6 C:\xampp7\htdocs\yii-1.1.22\framework\web\CController.php(291): CFilterChain->run()
#7 C:\xampp7\htdocs\yii-1.1.22\framework\web\CController.php(265): CController->runActionWithFilters(Object(CInlineAction), Array)
#8 C:\xampp7\htdocs\yii-1.1.22\framework\web\CWebApplication.php(282): CController->run('create')
#9 C:\xampp7\htdocs\yii-1.1.22\framework\web\CWebApplication.php(141): CWebApplication->runController('comentario/crea...')
#10 C:\xampp7\htdocs\yii-1.1.22\framework\base\CApplication.php(185): CWebApplication->processRequest()
#11 C:\xampp7\htdocs\blog\index.php(13): CApplication->run()
#12 {main}
REQUEST_URI=/blog/index.php/comentario/create/favicon.png
HTTP_REFERER=http://localhost/blog/index.php/comentario/create/8?
---
2021/10/13 15:11:19 [error] [exception.CHttpException.400] CHttpException: Your request is invalid. in C:\xampp7\htdocs\yii-1.1.22\framework\web\CController.php:337
Stack trace:
#0 C:\xampp7\htdocs\yii-1.1.22\framework\web\CController.php(309): CController->invalidActionParams(Object(CInlineAction))
#1 C:\xampp7\htdocs\yii-1.1.22\framework\web\filters\CFilterChain.php(134): CController->runAction(Object(CInlineAction))
#2 C:\xampp7\htdocs\yii-1.1.22\framework\web\filters\CFilter.php(40): CFilterChain->run()
#3 C:\xampp7\htdocs\yii-1.1.22\framework\web\CController.php(1148): CFilter->filter(Object(CFilterChain))
#4 C:\xampp7\htdocs\yii-1.1.22\framework\web\filters\CInlineFilter.php(58): CController->filterAccessControl(Object(CFilterChain))
#5 C:\xampp7\htdocs\yii-1.1.22\framework\web\filters\CFilterChain.php(131): CInlineFilter->filter(Object(CFilterChain))
#6 C:\xampp7\htdocs\yii-1.1.22\framework\web\CController.php(291): CFilterChain->run()
#7 C:\xampp7\htdocs\yii-1.1.22\framework\web\CController.php(265): CController->runActionWithFilters(Object(CInlineAction), Array)
#8 C:\xampp7\htdocs\yii-1.1.22\framework\web\CWebApplication.php(282): CController->run('create')
#9 C:\xampp7\htdocs\yii-1.1.22\framework\web\CWebApplication.php(141): CWebApplication->runController('comentario/crea...')
#10 C:\xampp7\htdocs\yii-1.1.22\framework\base\CApplication.php(185): CWebApplication->processRequest()
#11 C:\xampp7\htdocs\blog\index.php(13): CApplication->run()
#12 {main}
REQUEST_URI=/blog/index.php/comentario/create/favicon.png
HTTP_REFERER=http://localhost/blog/index.php/comentario/create/8?
---
2021/10/13 15:11:19 [error] [exception.CHttpException.400] CHttpException: Your request is invalid. in C:\xampp7\htdocs\yii-1.1.22\framework\web\CController.php:337
Stack trace:
#0 C:\xampp7\htdocs\yii-1.1.22\framework\web\CController.php(309): CController->invalidActionParams(Object(CInlineAction))
#1 C:\xampp7\htdocs\yii-1.1.22\framework\web\filters\CFilterChain.php(134): CController->runAction(Object(CInlineAction))
#2 C:\xampp7\htdocs\yii-1.1.22\framework\web\filters\CFilter.php(40): CFilterChain->run()
#3 C:\xampp7\htdocs\yii-1.1.22\framework\web\CController.php(1148): CFilter->filter(Object(CFilterChain))
#4 C:\xampp7\htdocs\yii-1.1.22\framework\web\filters\CInlineFilter.php(58): CController->filterAccessControl(Object(CFilterChain))
#5 C:\xampp7\htdocs\yii-1.1.22\framework\web\filters\CFilterChain.php(131): CInlineFilter->filter(Object(CFilterChain))
#6 C:\xampp7\htdocs\yii-1.1.22\framework\web\CController.php(291): CFilterChain->run()
#7 C:\xampp7\htdocs\yii-1.1.22\framework\web\CController.php(265): CController->runActionWithFilters(Object(CInlineAction), Array)
#8 C:\xampp7\htdocs\yii-1.1.22\framework\web\CWebApplication.php(282): CController->run('create')
#9 C:\xampp7\htdocs\yii-1.1.22\framework\web\CWebApplication.php(141): CWebApplication->runController('comentario/crea...')
#10 C:\xampp7\htdocs\yii-1.1.22\framework\base\CApplication.php(185): CWebApplication->processRequest()
#11 C:\xampp7\htdocs\blog\index.php(13): CApplication->run()
#12 {main}
REQUEST_URI=/blog/index.php/comentario/create/favicon.png
HTTP_REFERER=http://localhost/blog/index.php/comentario/create/8?
---
2021/10/13 15:11:47 [error] [exception.CHttpException.400] CHttpException: Your request is invalid. in C:\xampp7\htdocs\yii-1.1.22\framework\web\CController.php:337
Stack trace:
#0 C:\xampp7\htdocs\yii-1.1.22\framework\web\CController.php(309): CController->invalidActionParams(Object(CInlineAction))
#1 C:\xampp7\htdocs\yii-1.1.22\framework\web\filters\CFilterChain.php(134): CController->runAction(Object(CInlineAction))
#2 C:\xampp7\htdocs\yii-1.1.22\framework\web\filters\CFilter.php(40): CFilterChain->run()
#3 C:\xampp7\htdocs\yii-1.1.22\framework\web\CController.php(1148): CFilter->filter(Object(CFilterChain))
#4 C:\xampp7\htdocs\yii-1.1.22\framework\web\filters\CInlineFilter.php(58): CController->filterAccessControl(Object(CFilterChain))
#5 C:\xampp7\htdocs\yii-1.1.22\framework\web\filters\CFilterChain.php(131): CInlineFilter->filter(Object(CFilterChain))
#6 C:\xampp7\htdocs\yii-1.1.22\framework\web\CController.php(291): CFilterChain->run()
#7 C:\xampp7\htdocs\yii-1.1.22\framework\web\CController.php(265): CController->runActionWithFilters(Object(CInlineAction), Array)
#8 C:\xampp7\htdocs\yii-1.1.22\framework\web\CWebApplication.php(282): CController->run('index')
#9 C:\xampp7\htdocs\yii-1.1.22\framework\web\CWebApplication.php(141): CWebApplication->runController('post/index/favi...')
#10 C:\xampp7\htdocs\yii-1.1.22\framework\base\CApplication.php(185): CWebApplication->processRequest()
#11 C:\xampp7\htdocs\blog\index.php(13): CApplication->run()
#12 {main}
REQUEST_URI=/blog/index.php/post/index/favicon.png
HTTP_REFERER=http://localhost/blog/index.php/post/index/0
---
2021/10/13 15:11:47 [error] [exception.CHttpException.400] CHttpException: Your request is invalid. in C:\xampp7\htdocs\yii-1.1.22\framework\web\CController.php:337
Stack trace:
#0 C:\xampp7\htdocs\yii-1.1.22\framework\web\CController.php(309): CController->invalidActionParams(Object(CInlineAction))
#1 C:\xampp7\htdocs\yii-1.1.22\framework\web\filters\CFilterChain.php(134): CController->runAction(Object(CInlineAction))
#2 C:\xampp7\htdocs\yii-1.1.22\framework\web\filters\CFilter.php(40): CFilterChain->run()
#3 C:\xampp7\htdocs\yii-1.1.22\framework\web\CController.php(1148): CFilter->filter(Object(CFilterChain))
#4 C:\xampp7\htdocs\yii-1.1.22\framework\web\filters\CInlineFilter.php(58): CController->filterAccessControl(Object(CFilterChain))
#5 C:\xampp7\htdocs\yii-1.1.22\framework\web\filters\CFilterChain.php(131): CInlineFilter->filter(Object(CFilterChain))
#6 C:\xampp7\htdocs\yii-1.1.22\framework\web\CController.php(291): CFilterChain->run()
#7 C:\xampp7\htdocs\yii-1.1.22\framework\web\CController.php(265): CController->runActionWithFilters(Object(CInlineAction), Array)
#8 C:\xampp7\htdocs\yii-1.1.22\framework\web\CWebApplication.php(282): CController->run('index')
#9 C:\xampp7\htdocs\yii-1.1.22\framework\web\CWebApplication.php(141): CWebApplication->runController('post/index/favi...')
#10 C:\xampp7\htdocs\yii-1.1.22\framework\base\CApplication.php(185): CWebApplication->processRequest()
#11 C:\xampp7\htdocs\blog\index.php(13): CApplication->run()
#12 {main}
REQUEST_URI=/blog/index.php/post/index/favicon.png
HTTP_REFERER=http://localhost/blog/index.php/post/index/0
---
2021/10/13 15:11:50 [error] [exception.CHttpException.400] CHttpException: Your request is invalid. in C:\xampp7\htdocs\yii-1.1.22\framework\web\CController.php:337
Stack trace:
#0 C:\xampp7\htdocs\yii-1.1.22\framework\web\CController.php(309): CController->invalidActionParams(Object(CInlineAction))
#1 C:\xampp7\htdocs\yii-1.1.22\framework\web\filters\CFilterChain.php(134): CController->runAction(Object(CInlineAction))
#2 C:\xampp7\htdocs\yii-1.1.22\framework\web\filters\CFilter.php(40): CFilterChain->run()
#3 C:\xampp7\htdocs\yii-1.1.22\framework\web\CController.php(1148): CFilter->filter(Object(CFilterChain))
#4 C:\xampp7\htdocs\yii-1.1.22\framework\web\filters\CInlineFilter.php(58): CController->filterAccessControl(Object(CFilterChain))
#5 C:\xampp7\htdocs\yii-1.1.22\framework\web\filters\CFilterChain.php(131): CInlineFilter->filter(Object(CFilterChain))
#6 C:\xampp7\htdocs\yii-1.1.22\framework\web\CController.php(291): CFilterChain->run()
#7 C:\xampp7\htdocs\yii-1.1.22\framework\web\CController.php(265): CController->runActionWithFilters(Object(CInlineAction), Array)
#8 C:\xampp7\htdocs\yii-1.1.22\framework\web\CWebApplication.php(282): CController->run('index')
#9 C:\xampp7\htdocs\yii-1.1.22\framework\web\CWebApplication.php(141): CWebApplication->runController('post/index/favi...')
#10 C:\xampp7\htdocs\yii-1.1.22\framework\base\CApplication.php(185): CWebApplication->processRequest()
#11 C:\xampp7\htdocs\blog\index.php(13): CApplication->run()
#12 {main}
REQUEST_URI=/blog/index.php/post/index/favicon.png
HTTP_REFERER=http://localhost/blog/index.php/post/index/0
---
2021/10/13 15:11:50 [error] [exception.CHttpException.400] CHttpException: Your request is invalid. in C:\xampp7\htdocs\yii-1.1.22\framework\web\CController.php:337
Stack trace:
#0 C:\xampp7\htdocs\yii-1.1.22\framework\web\CController.php(309): CController->invalidActionParams(Object(CInlineAction))
#1 C:\xampp7\htdocs\yii-1.1.22\framework\web\filters\CFilterChain.php(134): CController->runAction(Object(CInlineAction))
#2 C:\xampp7\htdocs\yii-1.1.22\framework\web\filters\CFilter.php(40): CFilterChain->run()
#3 C:\xampp7\htdocs\yii-1.1.22\framework\web\CController.php(1148): CFilter->filter(Object(CFilterChain))
#4 C:\xampp7\htdocs\yii-1.1.22\framework\web\filters\CInlineFilter.php(58): CController->filterAccessControl(Object(CFilterChain))
#5 C:\xampp7\htdocs\yii-1.1.22\framework\web\filters\CFilterChain.php(131): CInlineFilter->filter(Object(CFilterChain))
#6 C:\xampp7\htdocs\yii-1.1.22\framework\web\CController.php(291): CFilterChain->run()
#7 C:\xampp7\htdocs\yii-1.1.22\framework\web\CController.php(265): CController->runActionWithFilters(Object(CInlineAction), Array)
#8 C:\xampp7\htdocs\yii-1.1.22\framework\web\CWebApplication.php(282): CController->run('index')
#9 C:\xampp7\htdocs\yii-1.1.22\framework\web\CWebApplication.php(141): CWebApplication->runController('post/index/favi...')
#10 C:\xampp7\htdocs\yii-1.1.22\framework\base\CApplication.php(185): CWebApplication->processRequest()
#11 C:\xampp7\htdocs\blog\index.php(13): CApplication->run()
#12 {main}
REQUEST_URI=/blog/index.php/post/index/favicon.png
HTTP_REFERER=http://localhost/blog/index.php/post/index/0
---
2021/10/13 15:12:01 [error] [exception.CHttpException.400] CHttpException: Your request is invalid. in C:\xampp7\htdocs\yii-1.1.22\framework\web\CController.php:337
Stack trace:
#0 C:\xampp7\htdocs\yii-1.1.22\framework\web\CController.php(309): CController->invalidActionParams(Object(CInlineAction))
#1 C:\xampp7\htdocs\yii-1.1.22\framework\web\filters\CFilterChain.php(134): CController->runAction(Object(CInlineAction))
#2 C:\xampp7\htdocs\yii-1.1.22\framework\web\filters\CFilter.php(40): CFilterChain->run()
#3 C:\xampp7\htdocs\yii-1.1.22\framework\web\CController.php(1148): CFilter->filter(Object(CFilterChain))
#4 C:\xampp7\htdocs\yii-1.1.22\framework\web\filters\CInlineFilter.php(58): CController->filterAccessControl(Object(CFilterChain))
#5 C:\xampp7\htdocs\yii-1.1.22\framework\web\filters\CFilterChain.php(131): CInlineFilter->filter(Object(CFilterChain))
#6 C:\xampp7\htdocs\yii-1.1.22\framework\web\CController.php(291): CFilterChain->run()
#7 C:\xampp7\htdocs\yii-1.1.22\framework\web\CController.php(265): CController->runActionWithFilters(Object(CInlineAction), Array)
#8 C:\xampp7\htdocs\yii-1.1.22\framework\web\CWebApplication.php(282): CController->run('index')
#9 C:\xampp7\htdocs\yii-1.1.22\framework\web\CWebApplication.php(141): CWebApplication->runController('post/index/favi...')
#10 C:\xampp7\htdocs\yii-1.1.22\framework\base\CApplication.php(185): CWebApplication->processRequest()
#11 C:\xampp7\htdocs\blog\index.php(13): CApplication->run()
#12 {main}
REQUEST_URI=/blog/index.php/post/index/favicon.png
HTTP_REFERER=http://localhost/blog/index.php/post/index/0
---
2021/10/13 15:12:02 [error] [exception.CHttpException.400] CHttpException: Your request is invalid. in C:\xampp7\htdocs\yii-1.1.22\framework\web\CController.php:337
Stack trace:
#0 C:\xampp7\htdocs\yii-1.1.22\framework\web\CController.php(309): CController->invalidActionParams(Object(CInlineAction))
#1 C:\xampp7\htdocs\yii-1.1.22\framework\web\filters\CFilterChain.php(134): CController->runAction(Object(CInlineAction))
#2 C:\xampp7\htdocs\yii-1.1.22\framework\web\filters\CFilter.php(40): CFilterChain->run()
#3 C:\xampp7\htdocs\yii-1.1.22\framework\web\CController.php(1148): CFilter->filter(Object(CFilterChain))
#4 C:\xampp7\htdocs\yii-1.1.22\framework\web\filters\CInlineFilter.php(58): CController->filterAccessControl(Object(CFilterChain))
#5 C:\xampp7\htdocs\yii-1.1.22\framework\web\filters\CFilterChain.php(131): CInlineFilter->filter(Object(CFilterChain))
#6 C:\xampp7\htdocs\yii-1.1.22\framework\web\CController.php(291): CFilterChain->run()
#7 C:\xampp7\htdocs\yii-1.1.22\framework\web\CController.php(265): CController->runActionWithFilters(Object(CInlineAction), Array)
#8 C:\xampp7\htdocs\yii-1.1.22\framework\web\CWebApplication.php(282): CController->run('index')
#9 C:\xampp7\htdocs\yii-1.1.22\framework\web\CWebApplication.php(141): CWebApplication->runController('post/index/favi...')
#10 C:\xampp7\htdocs\yii-1.1.22\framework\base\CApplication.php(185): CWebApplication->processRequest()
#11 C:\xampp7\htdocs\blog\index.php(13): CApplication->run()
#12 {main}
REQUEST_URI=/blog/index.php/post/index/favicon.png
HTTP_REFERER=http://localhost/blog/index.php/post/index/0
---
